status file for recon-all
Sun Dec 31 21:17:27 UTC 2017
#@# MotionCor Sun Dec 31 21:17:33 UTC 2017
#@# Talairach Sun Dec 31 21:17:52 UTC 2017
#@# Talairach Failure Detection Sun Dec 31 21:21:10 UTC 2017
#@# Nu Intensity Correction Sun Dec 31 21:21:10 UTC 2017
#@# Intensity Normalization Sun Dec 31 21:24:57 UTC 2017
#@# Skull Stripping Sun Dec 31 21:28:39 UTC 2017
#@# EM Registration Sun Dec 31 22:06:17 UTC 2017
#@# CA Normalize Sun Dec 31 22:43:30 UTC 2017
#@# CA Reg Sun Dec 31 22:46:24 UTC 2017
#@# SubCort Seg Mon Jan  1 03:13:54 UTC 2018
#@# Merge ASeg Mon Jan  1 04:59:46 UTC 2018
#@# Intensity Normalization2 Mon Jan  1 04:59:46 UTC 2018
#@# Mask BFS Mon Jan  1 05:06:13 UTC 2018
#@# WM Segmentation Mon Jan  1 05:06:17 UTC 2018
#@# Fill Mon Jan  1 05:09:53 UTC 2018
#@# Tessellate lh Mon Jan  1 05:11:23 UTC 2018
#@# Tessellate rh Mon Jan  1 05:11:34 UTC 2018
#@# Smooth1 lh Mon Jan  1 05:11:47 UTC 2018
#@# Smooth1 rh Mon Jan  1 05:11:57 UTC 2018
#@# Inflation1 lh Mon Jan  1 05:12:08 UTC 2018
#@# Inflation1 rh Mon Jan  1 05:13:06 UTC 2018
#@# QSphere lh Mon Jan  1 05:14:06 UTC 2018
#@# QSphere rh Mon Jan  1 05:20:28 UTC 2018
#@# Fix Topology Copy lh Mon Jan  1 05:26:52 UTC 2018
#@# Fix Topology Copy rh Mon Jan  1 05:26:52 UTC 2018
#@# Fix Topology lh Mon Jan  1 05:26:52 UTC 2018
#@# Fix Topology rh Mon Jan  1 06:37:18 UTC 2018
#@# Make White Surf lh Mon Jan  1 07:47:00 UTC 2018
#@# Make White Surf rh Mon Jan  1 07:55:40 UTC 2018
#@# Smooth2 lh Mon Jan  1 08:04:30 UTC 2018
#@# Smooth2 rh Mon Jan  1 08:04:40 UTC 2018
#@# Inflation2 lh Mon Jan  1 08:04:50 UTC 2018
#@# Inflation2 rh Mon Jan  1 08:05:51 UTC 2018
#@# Curv .H and .K lh Mon Jan  1 08:06:51 UTC 2018
#@# Curv .H and .K rh Mon Jan  1 08:09:24 UTC 2018
#@# Curvature Stats lh Mon Jan  1 08:11:59 UTC 2018
#@# Curvature Stats rh Mon Jan  1 08:12:07 UTC 2018
#@# Sphere lh Mon Jan  1 08:12:14 UTC 2018
#@# Sphere rh Mon Jan  1 09:34:46 UTC 2018
#@# Surf Reg lh Mon Jan  1 11:03:46 UTC 2018
#@# Surf Reg rh Mon Jan  1 12:31:48 UTC 2018
#@# Jacobian white lh Mon Jan  1 14:27:52 UTC 2018
#@# Jacobian white rh Mon Jan  1 14:27:56 UTC 2018
#@# AvgCurv lh Mon Jan  1 14:27:59 UTC 2018
#@# AvgCurv rh Mon Jan  1 14:28:02 UTC 2018
#@# Cortical Parc lh Mon Jan  1 14:28:06 UTC 2018
#@# Cortical Parc rh Mon Jan  1 14:28:34 UTC 2018
#@# Make Pial Surf lh Mon Jan  1 14:29:00 UTC 2018
#@# Make Pial Surf rh Mon Jan  1 14:55:02 UTC 2018
#@# Surf Volume lh Mon Jan  1 15:20:40 UTC 2018
#@# Surf Volume rh Mon Jan  1 15:20:46 UTC 2018
#@# Cortical ribbon mask Mon Jan  1 15:20:51 UTC 2018
#@# Parcellation Stats lh Mon Jan  1 15:48:19 UTC 2018
#@# Parcellation Stats rh Mon Jan  1 15:50:46 UTC 2018
#@# Cortical Parc 2 lh Mon Jan  1 15:53:11 UTC 2018
#@# Cortical Parc 2 rh Mon Jan  1 15:53:43 UTC 2018
#@# Parcellation Stats 2 lh Mon Jan  1 15:54:17 UTC 2018
#@# Parcellation Stats 2 rh Mon Jan  1 15:55:34 UTC 2018
#@# Cortical Parc 3 lh Mon Jan  1 15:56:51 UTC 2018
#@# Cortical Parc 3 rh Mon Jan  1 15:57:18 UTC 2018
#@# Parcellation Stats 3 lh Mon Jan  1 15:57:44 UTC 2018
#@# Parcellation Stats 3 rh Mon Jan  1 15:58:55 UTC 2018
#@# WM/GM Contrast lh Mon Jan  1 16:00:08 UTC 2018
#@# WM/GM Contrast rh Mon Jan  1 16:00:20 UTC 2018
#@# Relabel Hypointensities Mon Jan  1 16:00:31 UTC 2018
#@# AParc-to-ASeg aparc Mon Jan  1 16:01:13 UTC 2018
#@# AParc-to-ASeg a2009s Mon Jan  1 16:09:22 UTC 2018
#@# AParc-to-ASeg DKTatlas Mon Jan  1 16:17:35 UTC 2018
#@# APas-to-ASeg Mon Jan  1 16:25:45 UTC 2018
#@# ASeg Stats Mon Jan  1 16:25:57 UTC 2018
#@# WMParc Mon Jan  1 16:32:17 UTC 2018
#@# BA_exvivo Labels lh Mon Jan  1 16:49:42 UTC 2018
#@# BA_exvivo Labels rh Mon Jan  1 16:58:14 UTC 2018
recon-all -s 3172 finished without error at Mon Jan  1 17:06:43 UTC 2018
