status file for recon-all
Sat Jan 13 22:11:14 UTC 2018
#@# MotionCor Sat Jan 13 22:11:21 UTC 2018
#@# Talairach Sat Jan 13 22:11:39 UTC 2018
#@# Talairach Failure Detection Sat Jan 13 22:15:00 UTC 2018
#@# Nu Intensity Correction Sat Jan 13 22:15:01 UTC 2018
#@# Intensity Normalization Sat Jan 13 22:19:24 UTC 2018
#@# Skull Stripping Sat Jan 13 22:23:56 UTC 2018
#@# EM Registration Sat Jan 13 23:11:06 UTC 2018
#@# CA Normalize Sat Jan 13 23:56:25 UTC 2018
#@# CA Reg Sat Jan 13 23:59:47 UTC 2018
#@# SubCort Seg Sun Jan 14 05:34:37 UTC 2018
#@# Merge ASeg Sun Jan 14 07:52:38 UTC 2018
#@# Intensity Normalization2 Sun Jan 14 07:52:38 UTC 2018
#@# Mask BFS Sun Jan 14 08:00:13 UTC 2018
#@# WM Segmentation Sun Jan 14 08:00:18 UTC 2018
#@# Fill Sun Jan 14 08:04:09 UTC 2018
#@# Tessellate lh Sun Jan 14 08:06:02 UTC 2018
#@# Tessellate rh Sun Jan 14 08:06:15 UTC 2018
#@# Smooth1 lh Sun Jan 14 08:06:29 UTC 2018
#@# Smooth1 rh Sun Jan 14 08:06:38 UTC 2018
#@# Inflation1 lh Sun Jan 14 08:06:48 UTC 2018
#@# Inflation1 rh Sun Jan 14 08:07:40 UTC 2018
#@# QSphere lh Sun Jan 14 08:08:32 UTC 2018
#@# QSphere rh Sun Jan 14 08:13:47 UTC 2018
#@# Fix Topology Copy lh Sun Jan 14 08:19:21 UTC 2018
#@# Fix Topology Copy rh Sun Jan 14 08:19:21 UTC 2018
#@# Fix Topology lh Sun Jan 14 08:19:21 UTC 2018
#@# Fix Topology rh Sun Jan 14 09:03:55 UTC 2018
#@# Make White Surf lh Sun Jan 14 10:07:16 UTC 2018
#@# Make White Surf rh Sun Jan 14 10:15:16 UTC 2018
#@# Smooth2 lh Sun Jan 14 10:24:03 UTC 2018
#@# Smooth2 rh Sun Jan 14 10:24:11 UTC 2018
#@# Inflation2 lh Sun Jan 14 10:24:18 UTC 2018
#@# Inflation2 rh Sun Jan 14 10:25:07 UTC 2018
#@# Curv .H and .K lh Sun Jan 14 10:25:56 UTC 2018
#@# Curv .H and .K rh Sun Jan 14 10:28:08 UTC 2018
#@# Curvature Stats lh Sun Jan 14 10:30:27 UTC 2018
#@# Curvature Stats rh Sun Jan 14 10:30:33 UTC 2018
#@# Sphere lh Sun Jan 14 10:30:39 UTC 2018
#@# Sphere rh Sun Jan 14 11:48:55 UTC 2018
#@# Surf Reg lh Sun Jan 14 12:38:46 UTC 2018
#@# Surf Reg rh Sun Jan 14 13:45:02 UTC 2018
#@# Jacobian white lh Sun Jan 14 15:08:46 UTC 2018
#@# Jacobian white rh Sun Jan 14 15:08:49 UTC 2018
#@# AvgCurv lh Sun Jan 14 15:08:52 UTC 2018
#@# AvgCurv rh Sun Jan 14 15:08:55 UTC 2018
#@# Cortical Parc lh Sun Jan 14 15:08:58 UTC 2018
#@# Cortical Parc rh Sun Jan 14 15:09:24 UTC 2018
#@# Make Pial Surf lh Sun Jan 14 15:09:48 UTC 2018
#@# Make Pial Surf rh Sun Jan 14 15:33:23 UTC 2018
#@# Surf Volume lh Sun Jan 14 15:56:28 UTC 2018
#@# Surf Volume rh Sun Jan 14 15:56:34 UTC 2018
#@# Cortical ribbon mask Sun Jan 14 15:56:40 UTC 2018
#@# Parcellation Stats lh Sun Jan 14 16:21:18 UTC 2018
#@# Parcellation Stats rh Sun Jan 14 16:23:36 UTC 2018
#@# Cortical Parc 2 lh Sun Jan 14 16:25:56 UTC 2018
#@# Cortical Parc 2 rh Sun Jan 14 16:26:29 UTC 2018
#@# Parcellation Stats 2 lh Sun Jan 14 16:27:02 UTC 2018
#@# Parcellation Stats 2 rh Sun Jan 14 16:28:18 UTC 2018
#@# Cortical Parc 3 lh Sun Jan 14 16:29:36 UTC 2018
#@# Cortical Parc 3 rh Sun Jan 14 16:30:02 UTC 2018
#@# Parcellation Stats 3 lh Sun Jan 14 16:30:30 UTC 2018
#@# Parcellation Stats 3 rh Sun Jan 14 16:31:42 UTC 2018
#@# WM/GM Contrast lh Sun Jan 14 16:32:54 UTC 2018
#@# WM/GM Contrast rh Sun Jan 14 16:33:06 UTC 2018
#@# Relabel Hypointensities Sun Jan 14 16:33:17 UTC 2018
#@# AParc-to-ASeg aparc Sun Jan 14 16:34:02 UTC 2018
#@# AParc-to-ASeg a2009s Sun Jan 14 16:45:46 UTC 2018
#@# AParc-to-ASeg DKTatlas Sun Jan 14 16:56:49 UTC 2018
#@# APas-to-ASeg Sun Jan 14 17:07:55 UTC 2018
#@# ASeg Stats Sun Jan 14 17:08:13 UTC 2018
#@# WMParc Sun Jan 14 17:15:30 UTC 2018
#@# BA_exvivo Labels lh Sun Jan 14 17:36:24 UTC 2018
#@# BA_exvivo Labels rh Sun Jan 14 17:44:32 UTC 2018
recon-all -s 3954 finished without error at Sun Jan 14 17:52:11 UTC 2018
