status file for recon-all
Mon Jan 15 18:38:28 UTC 2018
#@# MotionCor Mon Jan 15 18:38:36 UTC 2018
#@# Talairach Mon Jan 15 18:38:58 UTC 2018
#@# Talairach Failure Detection Mon Jan 15 18:42:14 UTC 2018
#@# Nu Intensity Correction Mon Jan 15 18:42:15 UTC 2018
#@# Intensity Normalization Mon Jan 15 18:47:04 UTC 2018
#@# Skull Stripping Mon Jan 15 18:52:03 UTC 2018
#@# EM Registration Mon Jan 15 19:34:37 UTC 2018
#@# CA Normalize Mon Jan 15 20:25:57 UTC 2018
#@# CA Reg Mon Jan 15 20:29:30 UTC 2018
#@# SubCort Seg Tue Jan 16 02:29:48 UTC 2018
#@# Merge ASeg Tue Jan 16 04:33:59 UTC 2018
#@# Intensity Normalization2 Tue Jan 16 04:33:59 UTC 2018
#@# Mask BFS Tue Jan 16 04:42:37 UTC 2018
#@# WM Segmentation Tue Jan 16 04:42:43 UTC 2018
#@# Fill Tue Jan 16 04:47:24 UTC 2018
#@# Tessellate lh Tue Jan 16 04:49:29 UTC 2018
#@# Tessellate rh Tue Jan 16 04:49:41 UTC 2018
#@# Smooth1 lh Tue Jan 16 04:49:53 UTC 2018
#@# Smooth1 rh Tue Jan 16 04:50:04 UTC 2018
#@# Inflation1 lh Tue Jan 16 04:50:15 UTC 2018
#@# Inflation1 rh Tue Jan 16 04:51:19 UTC 2018
#@# QSphere lh Tue Jan 16 04:52:21 UTC 2018
#@# QSphere rh Tue Jan 16 04:58:45 UTC 2018
#@# Fix Topology Copy lh Tue Jan 16 05:05:09 UTC 2018
#@# Fix Topology Copy rh Tue Jan 16 05:05:09 UTC 2018
#@# Fix Topology lh Tue Jan 16 05:05:09 UTC 2018
#@# Fix Topology rh Tue Jan 16 07:25:28 UTC 2018
#@# Make White Surf lh Tue Jan 16 08:58:11 UTC 2018
#@# Make White Surf rh Tue Jan 16 09:06:54 UTC 2018
#@# Smooth2 lh Tue Jan 16 09:15:41 UTC 2018
#@# Smooth2 rh Tue Jan 16 09:15:49 UTC 2018
#@# Inflation2 lh Tue Jan 16 09:15:59 UTC 2018
#@# Inflation2 rh Tue Jan 16 09:16:54 UTC 2018
#@# Curv .H and .K lh Tue Jan 16 09:17:48 UTC 2018
#@# Curv .H and .K rh Tue Jan 16 09:20:08 UTC 2018
#@# Curvature Stats lh Tue Jan 16 09:22:26 UTC 2018
#@# Curvature Stats rh Tue Jan 16 09:22:32 UTC 2018
#@# Sphere lh Tue Jan 16 09:22:38 UTC 2018
#@# Sphere rh Tue Jan 16 10:47:42 UTC 2018
#@# Surf Reg lh Tue Jan 16 12:07:12 UTC 2018
#@# Surf Reg rh Tue Jan 16 13:23:29 UTC 2018
#@# Jacobian white lh Tue Jan 16 14:31:09 UTC 2018
#@# Jacobian white rh Tue Jan 16 14:31:12 UTC 2018
#@# AvgCurv lh Tue Jan 16 14:31:16 UTC 2018
#@# AvgCurv rh Tue Jan 16 14:31:19 UTC 2018
#@# Cortical Parc lh Tue Jan 16 14:31:21 UTC 2018
#@# Cortical Parc rh Tue Jan 16 14:31:46 UTC 2018
#@# Make Pial Surf lh Tue Jan 16 14:32:10 UTC 2018
#@# Make Pial Surf rh Tue Jan 16 14:57:23 UTC 2018
#@# Surf Volume lh Tue Jan 16 15:22:08 UTC 2018
#@# Surf Volume rh Tue Jan 16 15:22:13 UTC 2018
#@# Cortical ribbon mask Tue Jan 16 15:22:17 UTC 2018
#@# Parcellation Stats lh Tue Jan 16 15:38:45 UTC 2018
#@# Parcellation Stats rh Tue Jan 16 15:40:43 UTC 2018
#@# Cortical Parc 2 lh Tue Jan 16 15:42:42 UTC 2018
#@# Cortical Parc 2 rh Tue Jan 16 15:43:08 UTC 2018
#@# Parcellation Stats 2 lh Tue Jan 16 15:43:35 UTC 2018
#@# Parcellation Stats 2 rh Tue Jan 16 15:44:35 UTC 2018
#@# Cortical Parc 3 lh Tue Jan 16 15:45:38 UTC 2018
#@# Cortical Parc 3 rh Tue Jan 16 15:46:00 UTC 2018
#@# Parcellation Stats 3 lh Tue Jan 16 15:46:21 UTC 2018
#@# Parcellation Stats 3 rh Tue Jan 16 15:47:21 UTC 2018
#@# WM/GM Contrast lh Tue Jan 16 15:48:21 UTC 2018
#@# WM/GM Contrast rh Tue Jan 16 15:48:32 UTC 2018
#@# Relabel Hypointensities Tue Jan 16 15:48:42 UTC 2018
#@# AParc-to-ASeg aparc Tue Jan 16 15:49:19 UTC 2018
#@# AParc-to-ASeg a2009s Tue Jan 16 15:57:17 UTC 2018
#@# AParc-to-ASeg DKTatlas Tue Jan 16 16:05:06 UTC 2018
#@# APas-to-ASeg Tue Jan 16 16:12:51 UTC 2018
#@# ASeg Stats Tue Jan 16 16:13:02 UTC 2018
#@# WMParc Tue Jan 16 16:18:27 UTC 2018
#@# BA_exvivo Labels lh Tue Jan 16 16:35:02 UTC 2018
#@# BA_exvivo Labels rh Tue Jan 16 16:42:23 UTC 2018
recon-all -s 4073 finished without error at Tue Jan 16 16:49:48 UTC 2018
