status file for recon-all
Fri Jan 19 07:33:04 UTC 2018
#@# MotionCor Fri Jan 19 07:33:10 UTC 2018
#@# Talairach Fri Jan 19 07:33:29 UTC 2018
#@# Talairach Failure Detection Fri Jan 19 07:36:15 UTC 2018
#@# Nu Intensity Correction Fri Jan 19 07:36:15 UTC 2018
#@# Intensity Normalization Fri Jan 19 07:39:46 UTC 2018
#@# Skull Stripping Fri Jan 19 07:43:56 UTC 2018
#@# EM Registration Fri Jan 19 08:22:26 UTC 2018
#@# CA Normalize Fri Jan 19 08:48:16 UTC 2018
#@# CA Reg Fri Jan 19 08:51:21 UTC 2018
#@# SubCort Seg Fri Jan 19 14:23:12 UTC 2018
#@# Merge ASeg Fri Jan 19 16:03:49 UTC 2018
#@# Intensity Normalization2 Fri Jan 19 16:03:49 UTC 2018
#@# Mask BFS Fri Jan 19 16:10:55 UTC 2018
#@# WM Segmentation Fri Jan 19 16:10:59 UTC 2018
#@# Fill Fri Jan 19 16:15:20 UTC 2018
#@# Tessellate lh Fri Jan 19 16:16:52 UTC 2018
#@# Tessellate rh Fri Jan 19 16:17:03 UTC 2018
#@# Smooth1 lh Fri Jan 19 16:17:15 UTC 2018
#@# Smooth1 rh Fri Jan 19 16:17:24 UTC 2018
#@# Inflation1 lh Fri Jan 19 16:17:34 UTC 2018
#@# Inflation1 rh Fri Jan 19 16:18:29 UTC 2018
#@# QSphere lh Fri Jan 19 16:19:24 UTC 2018
#@# QSphere rh Fri Jan 19 16:25:06 UTC 2018
#@# Fix Topology Copy lh Fri Jan 19 16:30:45 UTC 2018
#@# Fix Topology Copy rh Fri Jan 19 16:30:45 UTC 2018
#@# Fix Topology lh Fri Jan 19 16:30:45 UTC 2018
#@# Fix Topology rh Fri Jan 19 17:49:38 UTC 2018
#@# Make White Surf lh Fri Jan 19 19:05:25 UTC 2018
#@# Make White Surf rh Fri Jan 19 19:13:21 UTC 2018
#@# Smooth2 lh Fri Jan 19 19:21:34 UTC 2018
#@# Smooth2 rh Fri Jan 19 19:21:43 UTC 2018
#@# Inflation2 lh Fri Jan 19 19:21:53 UTC 2018
#@# Inflation2 rh Fri Jan 19 19:22:48 UTC 2018
#@# Curv .H and .K lh Fri Jan 19 19:23:39 UTC 2018
#@# Curv .H and .K rh Fri Jan 19 19:25:55 UTC 2018
#@# Curvature Stats lh Fri Jan 19 19:28:02 UTC 2018
#@# Curvature Stats rh Fri Jan 19 19:28:08 UTC 2018
#@# Sphere lh Fri Jan 19 19:28:15 UTC 2018
#@# Sphere rh Fri Jan 19 20:55:36 UTC 2018
#@# Surf Reg lh Fri Jan 19 22:24:02 UTC 2018
#@# Surf Reg rh Fri Jan 19 23:45:40 UTC 2018
#@# Jacobian white lh Sat Jan 20 00:52:34 UTC 2018
#@# Jacobian white rh Sat Jan 20 00:52:37 UTC 2018
#@# AvgCurv lh Sat Jan 20 00:52:40 UTC 2018
#@# AvgCurv rh Sat Jan 20 00:52:43 UTC 2018
#@# Cortical Parc lh Sat Jan 20 00:52:46 UTC 2018
#@# Cortical Parc rh Sat Jan 20 00:53:13 UTC 2018
#@# Make Pial Surf lh Sat Jan 20 00:53:38 UTC 2018
#@# Make Pial Surf rh Sat Jan 20 01:19:32 UTC 2018
#@# Surf Volume lh Sat Jan 20 01:45:00 UTC 2018
#@# Surf Volume rh Sat Jan 20 01:45:05 UTC 2018
#@# Cortical ribbon mask Sat Jan 20 01:45:11 UTC 2018
#@# Parcellation Stats lh Sat Jan 20 02:01:51 UTC 2018
#@# Parcellation Stats rh Sat Jan 20 02:04:11 UTC 2018
#@# Cortical Parc 2 lh Sat Jan 20 02:06:33 UTC 2018
#@# Cortical Parc 2 rh Sat Jan 20 02:07:06 UTC 2018
#@# Parcellation Stats 2 lh Sat Jan 20 02:07:38 UTC 2018
#@# Parcellation Stats 2 rh Sat Jan 20 02:08:50 UTC 2018
#@# Cortical Parc 3 lh Sat Jan 20 02:10:03 UTC 2018
#@# Cortical Parc 3 rh Sat Jan 20 02:10:27 UTC 2018
#@# Parcellation Stats 3 lh Sat Jan 20 02:10:52 UTC 2018
#@# Parcellation Stats 3 rh Sat Jan 20 02:12:03 UTC 2018
#@# WM/GM Contrast lh Sat Jan 20 02:13:13 UTC 2018
#@# WM/GM Contrast rh Sat Jan 20 02:13:23 UTC 2018
#@# Relabel Hypointensities Sat Jan 20 02:13:34 UTC 2018
#@# AParc-to-ASeg aparc Sat Jan 20 02:14:13 UTC 2018
#@# AParc-to-ASeg a2009s Sat Jan 20 02:22:09 UTC 2018
#@# AParc-to-ASeg DKTatlas Sat Jan 20 02:29:28 UTC 2018
#@# APas-to-ASeg Sat Jan 20 02:36:58 UTC 2018
#@# ASeg Stats Sat Jan 20 02:37:11 UTC 2018
#@# WMParc Sat Jan 20 02:42:31 UTC 2018
#@# BA_exvivo Labels lh Sat Jan 20 02:58:00 UTC 2018
#@# BA_exvivo Labels rh Sat Jan 20 03:05:38 UTC 2018
recon-all -s 3589 finished without error at Sat Jan 20 03:13:06 UTC 2018
