status file for recon-all
Mon Jan 15 18:38:15 UTC 2018
#@# MotionCor Mon Jan 15 18:38:24 UTC 2018
#@# Talairach Mon Jan 15 18:38:45 UTC 2018
#@# Talairach Failure Detection Mon Jan 15 18:42:12 UTC 2018
#@# Nu Intensity Correction Mon Jan 15 18:42:12 UTC 2018
#@# Intensity Normalization Mon Jan 15 18:46:12 UTC 2018
#@# Skull Stripping Mon Jan 15 18:50:47 UTC 2018
#@# EM Registration Mon Jan 15 19:47:12 UTC 2018
#@# CA Normalize Mon Jan 15 20:23:47 UTC 2018
#@# CA Reg Mon Jan 15 20:27:10 UTC 2018
#@# SubCort Seg Tue Jan 16 02:22:37 UTC 2018
#@# Merge ASeg Tue Jan 16 04:20:55 UTC 2018
#@# Intensity Normalization2 Tue Jan 16 04:20:55 UTC 2018
#@# Mask BFS Tue Jan 16 04:28:43 UTC 2018
#@# WM Segmentation Tue Jan 16 04:28:48 UTC 2018
#@# Fill Tue Jan 16 04:33:18 UTC 2018
#@# Tessellate lh Tue Jan 16 04:35:14 UTC 2018
#@# Tessellate rh Tue Jan 16 04:35:29 UTC 2018
#@# Smooth1 lh Tue Jan 16 04:35:42 UTC 2018
#@# Smooth1 rh Tue Jan 16 04:35:53 UTC 2018
#@# Inflation1 lh Tue Jan 16 04:36:04 UTC 2018
#@# Inflation1 rh Tue Jan 16 04:37:06 UTC 2018
#@# QSphere lh Tue Jan 16 04:38:05 UTC 2018
#@# QSphere rh Tue Jan 16 04:44:49 UTC 2018
#@# Fix Topology Copy lh Tue Jan 16 04:51:39 UTC 2018
#@# Fix Topology Copy rh Tue Jan 16 04:51:39 UTC 2018
#@# Fix Topology lh Tue Jan 16 04:51:39 UTC 2018
#@# Fix Topology rh Tue Jan 16 05:43:20 UTC 2018
#@# Make White Surf lh Tue Jan 16 06:29:45 UTC 2018
#@# Make White Surf rh Tue Jan 16 06:38:35 UTC 2018
#@# Smooth2 lh Tue Jan 16 06:47:23 UTC 2018
#@# Smooth2 rh Tue Jan 16 06:47:32 UTC 2018
#@# Inflation2 lh Tue Jan 16 06:47:40 UTC 2018
#@# Inflation2 rh Tue Jan 16 06:48:38 UTC 2018
#@# Curv .H and .K lh Tue Jan 16 06:49:34 UTC 2018
#@# Curv .H and .K rh Tue Jan 16 06:51:59 UTC 2018
#@# Curvature Stats lh Tue Jan 16 06:54:23 UTC 2018
#@# Curvature Stats rh Tue Jan 16 06:54:29 UTC 2018
#@# Sphere lh Tue Jan 16 06:54:36 UTC 2018
#@# Sphere rh Tue Jan 16 08:19:43 UTC 2018
#@# Surf Reg lh Tue Jan 16 09:46:35 UTC 2018
#@# Surf Reg rh Tue Jan 16 10:59:42 UTC 2018
#@# Jacobian white lh Tue Jan 16 12:30:39 UTC 2018
#@# Jacobian white rh Tue Jan 16 12:30:43 UTC 2018
#@# AvgCurv lh Tue Jan 16 12:30:46 UTC 2018
#@# AvgCurv rh Tue Jan 16 12:30:50 UTC 2018
#@# Cortical Parc lh Tue Jan 16 12:30:53 UTC 2018
#@# Cortical Parc rh Tue Jan 16 12:31:24 UTC 2018
#@# Make Pial Surf lh Tue Jan 16 12:31:52 UTC 2018
#@# Make Pial Surf rh Tue Jan 16 12:57:16 UTC 2018
#@# Surf Volume lh Tue Jan 16 13:22:26 UTC 2018
#@# Surf Volume rh Tue Jan 16 13:22:32 UTC 2018
#@# Cortical ribbon mask Tue Jan 16 13:22:37 UTC 2018
#@# Parcellation Stats lh Tue Jan 16 13:45:32 UTC 2018
#@# Parcellation Stats rh Tue Jan 16 13:48:11 UTC 2018
#@# Cortical Parc 2 lh Tue Jan 16 13:50:46 UTC 2018
#@# Cortical Parc 2 rh Tue Jan 16 13:51:20 UTC 2018
#@# Parcellation Stats 2 lh Tue Jan 16 13:51:56 UTC 2018
#@# Parcellation Stats 2 rh Tue Jan 16 13:53:16 UTC 2018
#@# Cortical Parc 3 lh Tue Jan 16 13:54:35 UTC 2018
#@# Cortical Parc 3 rh Tue Jan 16 13:55:04 UTC 2018
#@# Parcellation Stats 3 lh Tue Jan 16 13:55:34 UTC 2018
#@# Parcellation Stats 3 rh Tue Jan 16 13:56:52 UTC 2018
#@# WM/GM Contrast lh Tue Jan 16 13:58:10 UTC 2018
#@# WM/GM Contrast rh Tue Jan 16 13:58:24 UTC 2018
#@# Relabel Hypointensities Tue Jan 16 13:58:37 UTC 2018
#@# AParc-to-ASeg aparc Tue Jan 16 13:59:25 UTC 2018
#@# AParc-to-ASeg a2009s Tue Jan 16 14:08:51 UTC 2018
#@# AParc-to-ASeg DKTatlas Tue Jan 16 14:18:19 UTC 2018
#@# APas-to-ASeg Tue Jan 16 14:27:32 UTC 2018
#@# ASeg Stats Tue Jan 16 14:27:51 UTC 2018
#@# WMParc Tue Jan 16 14:36:53 UTC 2018
#@# BA_exvivo Labels lh Tue Jan 16 14:57:20 UTC 2018
#@# BA_exvivo Labels rh Tue Jan 16 15:07:03 UTC 2018
recon-all -s 4072 finished without error at Tue Jan 16 15:16:23 UTC 2018
