status file for recon-all
Fri Jan 12 03:02:41 UTC 2018
#@# MotionCor Fri Jan 12 03:02:48 UTC 2018
#@# Talairach Fri Jan 12 03:03:10 UTC 2018
#@# Talairach Failure Detection Fri Jan 12 03:06:58 UTC 2018
#@# Nu Intensity Correction Fri Jan 12 03:06:58 UTC 2018
#@# Intensity Normalization Fri Jan 12 03:12:07 UTC 2018
#@# Skull Stripping Fri Jan 12 03:17:06 UTC 2018
#@# EM Registration Fri Jan 12 04:07:42 UTC 2018
#@# CA Normalize Fri Jan 12 05:01:29 UTC 2018
#@# CA Reg Fri Jan 12 05:05:11 UTC 2018
#@# SubCort Seg Fri Jan 12 10:48:52 UTC 2018
#@# Merge ASeg Fri Jan 12 12:38:17 UTC 2018
#@# Intensity Normalization2 Fri Jan 12 12:38:17 UTC 2018
#@# Mask BFS Fri Jan 12 12:44:58 UTC 2018
#@# WM Segmentation Fri Jan 12 12:45:03 UTC 2018
#@# Fill Fri Jan 12 12:48:51 UTC 2018
#@# Tessellate lh Fri Jan 12 12:50:31 UTC 2018
#@# Tessellate rh Fri Jan 12 12:50:43 UTC 2018
#@# Smooth1 lh Fri Jan 12 12:50:54 UTC 2018
#@# Smooth1 rh Fri Jan 12 12:51:03 UTC 2018
#@# Inflation1 lh Fri Jan 12 12:51:12 UTC 2018
#@# Inflation1 rh Fri Jan 12 12:52:10 UTC 2018
#@# QSphere lh Fri Jan 12 12:53:08 UTC 2018
#@# QSphere rh Fri Jan 12 12:59:40 UTC 2018
#@# Fix Topology Copy lh Fri Jan 12 13:06:19 UTC 2018
#@# Fix Topology Copy rh Fri Jan 12 13:06:19 UTC 2018
#@# Fix Topology lh Fri Jan 12 13:06:19 UTC 2018
#@# Fix Topology rh Fri Jan 12 13:45:32 UTC 2018
#@# Make White Surf lh Fri Jan 12 14:35:24 UTC 2018
#@# Make White Surf rh Fri Jan 12 14:44:04 UTC 2018
#@# Smooth2 lh Fri Jan 12 14:52:33 UTC 2018
#@# Smooth2 rh Fri Jan 12 14:52:43 UTC 2018
#@# Inflation2 lh Fri Jan 12 14:52:52 UTC 2018
#@# Inflation2 rh Fri Jan 12 14:53:49 UTC 2018
#@# Curv .H and .K lh Fri Jan 12 14:54:49 UTC 2018
#@# Curv .H and .K rh Fri Jan 12 14:57:18 UTC 2018
#@# Curvature Stats lh Fri Jan 12 14:59:44 UTC 2018
#@# Curvature Stats rh Fri Jan 12 14:59:50 UTC 2018
#@# Sphere lh Fri Jan 12 14:59:57 UTC 2018
#@# Sphere rh Fri Jan 12 16:19:56 UTC 2018
#@# Surf Reg lh Fri Jan 12 17:49:38 UTC 2018
#@# Surf Reg rh Fri Jan 12 19:31:07 UTC 2018
#@# Jacobian white lh Fri Jan 12 21:45:23 UTC 2018
#@# Jacobian white rh Fri Jan 12 21:45:29 UTC 2018
#@# AvgCurv lh Fri Jan 12 21:45:33 UTC 2018
#@# AvgCurv rh Fri Jan 12 21:45:37 UTC 2018
#@# Cortical Parc lh Fri Jan 12 21:45:41 UTC 2018
#@# Cortical Parc rh Fri Jan 12 21:46:13 UTC 2018
#@# Make Pial Surf lh Fri Jan 12 21:46:44 UTC 2018
#@# Make Pial Surf rh Fri Jan 12 22:17:03 UTC 2018
#@# Surf Volume lh Fri Jan 12 22:48:26 UTC 2018
#@# Surf Volume rh Fri Jan 12 22:48:33 UTC 2018
#@# Cortical ribbon mask Fri Jan 12 22:48:40 UTC 2018
#@# Parcellation Stats lh Fri Jan 12 23:21:14 UTC 2018
#@# Parcellation Stats rh Fri Jan 12 23:24:21 UTC 2018
#@# Cortical Parc 2 lh Fri Jan 12 23:27:32 UTC 2018
#@# Cortical Parc 2 rh Fri Jan 12 23:28:15 UTC 2018
#@# Parcellation Stats 2 lh Fri Jan 12 23:29:01 UTC 2018
#@# Parcellation Stats 2 rh Fri Jan 12 23:30:42 UTC 2018
#@# Cortical Parc 3 lh Fri Jan 12 23:32:18 UTC 2018
#@# Cortical Parc 3 rh Fri Jan 12 23:32:53 UTC 2018
#@# Parcellation Stats 3 lh Fri Jan 12 23:33:30 UTC 2018
#@# Parcellation Stats 3 rh Fri Jan 12 23:34:58 UTC 2018
#@# WM/GM Contrast lh Fri Jan 12 23:36:32 UTC 2018
#@# WM/GM Contrast rh Fri Jan 12 23:36:48 UTC 2018
#@# Relabel Hypointensities Fri Jan 12 23:37:02 UTC 2018
#@# AParc-to-ASeg aparc Fri Jan 12 23:37:57 UTC 2018
#@# AParc-to-ASeg a2009s Fri Jan 12 23:50:34 UTC 2018
#@# AParc-to-ASeg DKTatlas Sat Jan 13 00:03:37 UTC 2018
#@# APas-to-ASeg Sat Jan 13 00:16:12 UTC 2018
#@# ASeg Stats Sat Jan 13 00:16:30 UTC 2018
#@# WMParc Sat Jan 13 00:26:51 UTC 2018
#@# BA_exvivo Labels lh Sat Jan 13 00:50:27 UTC 2018
#@# BA_exvivo Labels rh Sat Jan 13 00:59:20 UTC 2018
recon-all -s 3809 finished without error at Sat Jan 13 01:08:20 UTC 2018
