status file for recon-all
Thu Jan 11 01:34:21 UTC 2018
#@# MotionCor Thu Jan 11 01:34:27 UTC 2018
#@# Talairach Thu Jan 11 01:34:45 UTC 2018
#@# Talairach Failure Detection Thu Jan 11 01:38:19 UTC 2018
#@# Nu Intensity Correction Thu Jan 11 01:38:19 UTC 2018
#@# Intensity Normalization Thu Jan 11 01:42:56 UTC 2018
#@# Skull Stripping Thu Jan 11 01:47:50 UTC 2018
#@# EM Registration Thu Jan 11 02:47:20 UTC 2018
#@# CA Normalize Thu Jan 11 03:20:29 UTC 2018
#@# CA Reg Thu Jan 11 03:24:10 UTC 2018
#@# SubCort Seg Thu Jan 11 09:24:15 UTC 2018
#@# Merge ASeg Thu Jan 11 11:44:02 UTC 2018
#@# Intensity Normalization2 Thu Jan 11 11:44:02 UTC 2018
#@# Mask BFS Thu Jan 11 11:51:57 UTC 2018
#@# WM Segmentation Thu Jan 11 11:52:02 UTC 2018
#@# Fill Thu Jan 11 11:56:59 UTC 2018
#@# Tessellate lh Thu Jan 11 11:58:56 UTC 2018
#@# Tessellate rh Thu Jan 11 11:59:13 UTC 2018
#@# Smooth1 lh Thu Jan 11 11:59:30 UTC 2018
#@# Smooth1 rh Thu Jan 11 11:59:44 UTC 2018
#@# Inflation1 lh Thu Jan 11 11:59:59 UTC 2018
#@# Inflation1 rh Thu Jan 11 12:01:27 UTC 2018
#@# QSphere lh Thu Jan 11 12:02:52 UTC 2018
#@# QSphere rh Thu Jan 11 12:12:01 UTC 2018
#@# Fix Topology Copy lh Thu Jan 11 12:21:14 UTC 2018
#@# Fix Topology Copy rh Thu Jan 11 12:21:14 UTC 2018
#@# Fix Topology lh Thu Jan 11 12:21:14 UTC 2018
#@# Fix Topology rh Thu Jan 11 13:20:12 UTC 2018
#@# Make White Surf lh Thu Jan 11 14:29:53 UTC 2018
#@# Make White Surf rh Thu Jan 11 14:41:54 UTC 2018
#@# Smooth2 lh Thu Jan 11 14:54:05 UTC 2018
#@# Smooth2 rh Thu Jan 11 14:54:18 UTC 2018
#@# Inflation2 lh Thu Jan 11 14:54:32 UTC 2018
#@# Inflation2 rh Thu Jan 11 14:55:53 UTC 2018
#@# Curv .H and .K lh Thu Jan 11 14:57:14 UTC 2018
#@# Curv .H and .K rh Thu Jan 11 15:00:46 UTC 2018
#@# Curvature Stats lh Thu Jan 11 15:04:17 UTC 2018
#@# Curvature Stats rh Thu Jan 11 15:04:27 UTC 2018
#@# Sphere lh Thu Jan 11 15:04:37 UTC 2018
#@# Sphere rh Thu Jan 11 16:59:39 UTC 2018
#@# Surf Reg lh Thu Jan 11 19:13:03 UTC 2018
#@# Surf Reg rh Thu Jan 11 21:15:26 UTC 2018
#@# Jacobian white lh Thu Jan 11 23:30:21 UTC 2018
#@# Jacobian white rh Thu Jan 11 23:30:26 UTC 2018
#@# AvgCurv lh Thu Jan 11 23:30:31 UTC 2018
#@# AvgCurv rh Thu Jan 11 23:30:35 UTC 2018
#@# Cortical Parc lh Thu Jan 11 23:30:40 UTC 2018
#@# Cortical Parc rh Thu Jan 11 23:31:21 UTC 2018
#@# Make Pial Surf lh Thu Jan 11 23:31:56 UTC 2018
#@# Make Pial Surf rh Fri Jan 12 00:07:00 UTC 2018
#@# Surf Volume lh Fri Jan 12 00:41:48 UTC 2018
#@# Surf Volume rh Fri Jan 12 00:41:56 UTC 2018
#@# Cortical ribbon mask Fri Jan 12 00:42:05 UTC 2018
#@# Parcellation Stats lh Fri Jan 12 01:16:33 UTC 2018
#@# Parcellation Stats rh Fri Jan 12 01:19:31 UTC 2018
#@# Cortical Parc 2 lh Fri Jan 12 01:22:28 UTC 2018
#@# Cortical Parc 2 rh Fri Jan 12 01:23:08 UTC 2018
#@# Parcellation Stats 2 lh Fri Jan 12 01:23:46 UTC 2018
#@# Parcellation Stats 2 rh Fri Jan 12 01:25:18 UTC 2018
#@# Cortical Parc 3 lh Fri Jan 12 01:26:48 UTC 2018
#@# Cortical Parc 3 rh Fri Jan 12 01:27:18 UTC 2018
#@# Parcellation Stats 3 lh Fri Jan 12 01:27:48 UTC 2018
#@# Parcellation Stats 3 rh Fri Jan 12 01:29:15 UTC 2018
#@# WM/GM Contrast lh Fri Jan 12 01:30:41 UTC 2018
#@# WM/GM Contrast rh Fri Jan 12 01:30:54 UTC 2018
#@# Relabel Hypointensities Fri Jan 12 01:31:06 UTC 2018
#@# AParc-to-ASeg aparc Fri Jan 12 01:31:52 UTC 2018
#@# AParc-to-ASeg a2009s Fri Jan 12 01:41:34 UTC 2018
#@# AParc-to-ASeg DKTatlas Fri Jan 12 01:50:35 UTC 2018
#@# APas-to-ASeg Fri Jan 12 01:59:30 UTC 2018
#@# ASeg Stats Fri Jan 12 01:59:42 UTC 2018
#@# WMParc Fri Jan 12 02:06:32 UTC 2018
#@# BA_exvivo Labels lh Fri Jan 12 02:25:27 UTC 2018
#@# BA_exvivo Labels rh Fri Jan 12 02:34:30 UTC 2018
recon-all -s 3770 finished without error at Fri Jan 12 02:43:12 UTC 2018
