status file for recon-all
Thu Jan 18 02:31:14 UTC 2018
#@# MotionCor Thu Jan 18 02:31:19 UTC 2018
#@# Talairach Thu Jan 18 02:31:35 UTC 2018
#@# Talairach Failure Detection Thu Jan 18 02:34:22 UTC 2018
#@# Nu Intensity Correction Thu Jan 18 02:34:23 UTC 2018
#@# Intensity Normalization Thu Jan 18 02:38:03 UTC 2018
#@# Skull Stripping Thu Jan 18 02:43:02 UTC 2018
#@# EM Registration Thu Jan 18 03:21:32 UTC 2018
#@# CA Normalize Thu Jan 18 03:54:03 UTC 2018
#@# CA Reg Thu Jan 18 03:57:21 UTC 2018
#@# SubCort Seg Thu Jan 18 09:02:56 UTC 2018
#@# Merge ASeg Thu Jan 18 11:43:10 UTC 2018
#@# Intensity Normalization2 Thu Jan 18 11:43:10 UTC 2018
#@# Mask BFS Thu Jan 18 11:50:35 UTC 2018
#@# WM Segmentation Thu Jan 18 11:50:40 UTC 2018
#@# Fill Thu Jan 18 11:54:46 UTC 2018
#@# Tessellate lh Thu Jan 18 11:56:35 UTC 2018
#@# Tessellate rh Thu Jan 18 11:56:48 UTC 2018
#@# Smooth1 lh Thu Jan 18 11:57:00 UTC 2018
#@# Smooth1 rh Thu Jan 18 11:57:12 UTC 2018
#@# Inflation1 lh Thu Jan 18 11:57:23 UTC 2018
#@# Inflation1 rh Thu Jan 18 11:58:28 UTC 2018
#@# QSphere lh Thu Jan 18 11:59:28 UTC 2018
#@# QSphere rh Thu Jan 18 12:07:51 UTC 2018
#@# Fix Topology Copy lh Thu Jan 18 12:14:58 UTC 2018
#@# Fix Topology Copy rh Thu Jan 18 12:14:58 UTC 2018
#@# Fix Topology lh Thu Jan 18 12:14:58 UTC 2018
#@# Fix Topology rh Thu Jan 18 12:51:10 UTC 2018
#@# Make White Surf lh Thu Jan 18 13:31:45 UTC 2018
#@# Make White Surf rh Thu Jan 18 13:42:30 UTC 2018
#@# Smooth2 lh Thu Jan 18 13:52:42 UTC 2018
#@# Smooth2 rh Thu Jan 18 13:52:52 UTC 2018
#@# Inflation2 lh Thu Jan 18 13:53:02 UTC 2018
#@# Inflation2 rh Thu Jan 18 13:54:07 UTC 2018
#@# Curv .H and .K lh Thu Jan 18 13:55:11 UTC 2018
#@# Curv .H and .K rh Thu Jan 18 13:57:46 UTC 2018
#@# Curvature Stats lh Thu Jan 18 14:00:31 UTC 2018
#@# Curvature Stats rh Thu Jan 18 14:00:38 UTC 2018
#@# Sphere lh Thu Jan 18 14:00:46 UTC 2018
#@# Sphere rh Thu Jan 18 15:22:26 UTC 2018
#@# Surf Reg lh Thu Jan 18 16:50:41 UTC 2018
#@# Surf Reg rh Thu Jan 18 18:34:58 UTC 2018
#@# Jacobian white lh Thu Jan 18 20:21:37 UTC 2018
#@# Jacobian white rh Thu Jan 18 20:21:41 UTC 2018
#@# AvgCurv lh Thu Jan 18 20:21:46 UTC 2018
#@# AvgCurv rh Thu Jan 18 20:21:49 UTC 2018
#@# Cortical Parc lh Thu Jan 18 20:21:52 UTC 2018
#@# Cortical Parc rh Thu Jan 18 20:22:24 UTC 2018
#@# Make Pial Surf lh Thu Jan 18 20:22:56 UTC 2018
#@# Make Pial Surf rh Thu Jan 18 20:51:53 UTC 2018
#@# Surf Volume lh Thu Jan 18 21:19:16 UTC 2018
#@# Surf Volume rh Thu Jan 18 21:19:22 UTC 2018
#@# Cortical ribbon mask Thu Jan 18 21:19:29 UTC 2018
#@# Parcellation Stats lh Thu Jan 18 21:49:42 UTC 2018
#@# Parcellation Stats rh Thu Jan 18 21:52:20 UTC 2018
#@# Cortical Parc 2 lh Thu Jan 18 21:54:58 UTC 2018
#@# Cortical Parc 2 rh Thu Jan 18 21:55:33 UTC 2018
#@# Parcellation Stats 2 lh Thu Jan 18 21:56:14 UTC 2018
#@# Parcellation Stats 2 rh Thu Jan 18 21:57:34 UTC 2018
#@# Cortical Parc 3 lh Thu Jan 18 21:58:56 UTC 2018
#@# Cortical Parc 3 rh Thu Jan 18 21:59:25 UTC 2018
#@# Parcellation Stats 3 lh Thu Jan 18 21:59:51 UTC 2018
#@# Parcellation Stats 3 rh Thu Jan 18 22:00:55 UTC 2018
#@# WM/GM Contrast lh Thu Jan 18 22:01:58 UTC 2018
#@# WM/GM Contrast rh Thu Jan 18 22:02:08 UTC 2018
#@# Relabel Hypointensities Thu Jan 18 22:02:16 UTC 2018
#@# AParc-to-ASeg aparc Thu Jan 18 22:02:52 UTC 2018
#@# AParc-to-ASeg a2009s Thu Jan 18 22:11:02 UTC 2018
#@# AParc-to-ASeg DKTatlas Thu Jan 18 22:19:20 UTC 2018
#@# APas-to-ASeg Thu Jan 18 22:27:39 UTC 2018
#@# ASeg Stats Thu Jan 18 22:27:50 UTC 2018
#@# WMParc Thu Jan 18 22:34:52 UTC 2018
#@# BA_exvivo Labels lh Thu Jan 18 22:52:31 UTC 2018
#@# BA_exvivo Labels rh Thu Jan 18 23:00:27 UTC 2018
recon-all -s 3955 finished without error at Thu Jan 18 23:08:09 UTC 2018
