status file for recon-all
Fri Jan 19 07:33:38 UTC 2018
#@# MotionCor Fri Jan 19 07:33:44 UTC 2018
#@# Talairach Fri Jan 19 07:34:02 UTC 2018
#@# Talairach Failure Detection Fri Jan 19 07:37:19 UTC 2018
#@# Nu Intensity Correction Fri Jan 19 07:37:19 UTC 2018
#@# Intensity Normalization Fri Jan 19 07:41:16 UTC 2018
#@# Skull Stripping Fri Jan 19 07:45:26 UTC 2018
#@# EM Registration Fri Jan 19 08:21:00 UTC 2018
#@# CA Normalize Fri Jan 19 08:59:21 UTC 2018
#@# CA Reg Fri Jan 19 09:02:29 UTC 2018
#@# SubCort Seg Fri Jan 19 14:01:34 UTC 2018
#@# Merge ASeg Fri Jan 19 15:50:35 UTC 2018
#@# Intensity Normalization2 Fri Jan 19 15:50:35 UTC 2018
#@# Mask BFS Fri Jan 19 15:57:29 UTC 2018
#@# WM Segmentation Fri Jan 19 15:57:33 UTC 2018
#@# Fill Fri Jan 19 16:01:48 UTC 2018
#@# Tessellate lh Fri Jan 19 16:03:23 UTC 2018
#@# Tessellate rh Fri Jan 19 16:03:35 UTC 2018
#@# Smooth1 lh Fri Jan 19 16:03:47 UTC 2018
#@# Smooth1 rh Fri Jan 19 16:03:57 UTC 2018
#@# Inflation1 lh Fri Jan 19 16:04:08 UTC 2018
#@# Inflation1 rh Fri Jan 19 16:05:10 UTC 2018
#@# QSphere lh Fri Jan 19 16:06:13 UTC 2018
#@# QSphere rh Fri Jan 19 16:13:29 UTC 2018
#@# Fix Topology Copy lh Fri Jan 19 16:20:02 UTC 2018
#@# Fix Topology Copy rh Fri Jan 19 16:20:02 UTC 2018
#@# Fix Topology lh Fri Jan 19 16:20:02 UTC 2018
#@# Fix Topology rh Fri Jan 19 17:09:39 UTC 2018
#@# Make White Surf lh Fri Jan 19 17:36:41 UTC 2018
#@# Make White Surf rh Fri Jan 19 17:45:49 UTC 2018
#@# Smooth2 lh Fri Jan 19 17:55:33 UTC 2018
#@# Smooth2 rh Fri Jan 19 17:55:42 UTC 2018
#@# Inflation2 lh Fri Jan 19 17:55:53 UTC 2018
#@# Inflation2 rh Fri Jan 19 17:56:55 UTC 2018
#@# Curv .H and .K lh Fri Jan 19 17:57:57 UTC 2018
#@# Curv .H and .K rh Fri Jan 19 18:00:33 UTC 2018
#@# Curvature Stats lh Fri Jan 19 18:03:05 UTC 2018
#@# Curvature Stats rh Fri Jan 19 18:03:11 UTC 2018
#@# Sphere lh Fri Jan 19 18:03:19 UTC 2018
#@# Sphere rh Fri Jan 19 19:29:29 UTC 2018
#@# Surf Reg lh Fri Jan 19 20:46:19 UTC 2018
#@# Surf Reg rh Fri Jan 19 22:14:22 UTC 2018
#@# Jacobian white lh Fri Jan 19 23:53:54 UTC 2018
#@# Jacobian white rh Fri Jan 19 23:53:58 UTC 2018
#@# AvgCurv lh Fri Jan 19 23:54:01 UTC 2018
#@# AvgCurv rh Fri Jan 19 23:54:04 UTC 2018
#@# Cortical Parc lh Fri Jan 19 23:54:08 UTC 2018
#@# Cortical Parc rh Fri Jan 19 23:54:37 UTC 2018
#@# Make Pial Surf lh Fri Jan 19 23:55:06 UTC 2018
#@# Make Pial Surf rh Sat Jan 20 00:21:56 UTC 2018
#@# Surf Volume lh Sat Jan 20 00:48:29 UTC 2018
#@# Surf Volume rh Sat Jan 20 00:48:36 UTC 2018
#@# Cortical ribbon mask Sat Jan 20 00:48:42 UTC 2018
#@# Parcellation Stats lh Sat Jan 20 01:13:40 UTC 2018
#@# Parcellation Stats rh Sat Jan 20 01:16:26 UTC 2018
#@# Cortical Parc 2 lh Sat Jan 20 01:19:07 UTC 2018
#@# Cortical Parc 2 rh Sat Jan 20 01:19:43 UTC 2018
#@# Parcellation Stats 2 lh Sat Jan 20 01:20:21 UTC 2018
#@# Parcellation Stats 2 rh Sat Jan 20 01:21:46 UTC 2018
#@# Cortical Parc 3 lh Sat Jan 20 01:23:12 UTC 2018
#@# Cortical Parc 3 rh Sat Jan 20 01:23:43 UTC 2018
#@# Parcellation Stats 3 lh Sat Jan 20 01:24:14 UTC 2018
#@# Parcellation Stats 3 rh Sat Jan 20 01:25:36 UTC 2018
#@# WM/GM Contrast lh Sat Jan 20 01:26:57 UTC 2018
#@# WM/GM Contrast rh Sat Jan 20 01:27:10 UTC 2018
#@# Relabel Hypointensities Sat Jan 20 01:27:23 UTC 2018
#@# AParc-to-ASeg aparc Sat Jan 20 01:28:14 UTC 2018
#@# AParc-to-ASeg a2009s Sat Jan 20 01:37:34 UTC 2018
#@# AParc-to-ASeg DKTatlas Sat Jan 20 01:46:31 UTC 2018
#@# APas-to-ASeg Sat Jan 20 01:55:48 UTC 2018
#@# ASeg Stats Sat Jan 20 01:56:02 UTC 2018
#@# WMParc Sat Jan 20 02:04:14 UTC 2018
#@# BA_exvivo Labels lh Sat Jan 20 02:22:53 UTC 2018
#@# BA_exvivo Labels rh Sat Jan 20 02:31:17 UTC 2018
recon-all -s 3592 finished without error at Sat Jan 20 02:39:47 UTC 2018
