status file for recon-all
Wed Jan 10 00:08:38 UTC 2018
#@# MotionCor Wed Jan 10 00:08:45 UTC 2018
#@# Talairach Wed Jan 10 00:09:06 UTC 2018
#@# Talairach Failure Detection Wed Jan 10 00:12:27 UTC 2018
#@# Nu Intensity Correction Wed Jan 10 00:12:27 UTC 2018
#@# Intensity Normalization Wed Jan 10 00:16:33 UTC 2018
#@# Skull Stripping Wed Jan 10 00:20:37 UTC 2018
#@# EM Registration Wed Jan 10 01:00:09 UTC 2018
#@# CA Normalize Wed Jan 10 01:38:34 UTC 2018
#@# CA Reg Wed Jan 10 01:41:20 UTC 2018
#@# SubCort Seg Wed Jan 10 07:03:11 UTC 2018
#@# Merge ASeg Wed Jan 10 09:26:33 UTC 2018
#@# Intensity Normalization2 Wed Jan 10 09:26:33 UTC 2018
#@# Mask BFS Wed Jan 10 09:33:06 UTC 2018
#@# WM Segmentation Wed Jan 10 09:33:09 UTC 2018
#@# Fill Wed Jan 10 09:37:31 UTC 2018
#@# Tessellate lh Wed Jan 10 09:39:07 UTC 2018
#@# Tessellate rh Wed Jan 10 09:39:19 UTC 2018
#@# Smooth1 lh Wed Jan 10 09:39:33 UTC 2018
#@# Smooth1 rh Wed Jan 10 09:39:42 UTC 2018
#@# Inflation1 lh Wed Jan 10 09:39:52 UTC 2018
#@# Inflation1 rh Wed Jan 10 09:40:45 UTC 2018
#@# QSphere lh Wed Jan 10 09:41:38 UTC 2018
#@# QSphere rh Wed Jan 10 09:47:57 UTC 2018
#@# Fix Topology Copy lh Wed Jan 10 09:54:31 UTC 2018
#@# Fix Topology Copy rh Wed Jan 10 09:54:31 UTC 2018
#@# Fix Topology lh Wed Jan 10 09:54:31 UTC 2018
#@# Fix Topology rh Wed Jan 10 10:16:58 UTC 2018
#@# Make White Surf lh Wed Jan 10 10:34:22 UTC 2018
#@# Make White Surf rh Wed Jan 10 10:41:46 UTC 2018
#@# Smooth2 lh Wed Jan 10 10:48:49 UTC 2018
#@# Smooth2 rh Wed Jan 10 10:48:57 UTC 2018
#@# Inflation2 lh Wed Jan 10 10:49:06 UTC 2018
#@# Inflation2 rh Wed Jan 10 10:49:55 UTC 2018
#@# Curv .H and .K lh Wed Jan 10 10:50:43 UTC 2018
#@# Curv .H and .K rh Wed Jan 10 10:52:43 UTC 2018
#@# Curvature Stats lh Wed Jan 10 10:54:45 UTC 2018
#@# Curvature Stats rh Wed Jan 10 10:54:51 UTC 2018
#@# Sphere lh Wed Jan 10 10:54:56 UTC 2018
#@# Sphere rh Wed Jan 10 11:57:01 UTC 2018
#@# Surf Reg lh Wed Jan 10 13:21:34 UTC 2018
#@# Surf Reg rh Wed Jan 10 14:23:02 UTC 2018
#@# Jacobian white lh Wed Jan 10 15:39:38 UTC 2018
#@# Jacobian white rh Wed Jan 10 15:39:41 UTC 2018
#@# AvgCurv lh Wed Jan 10 15:39:44 UTC 2018
#@# AvgCurv rh Wed Jan 10 15:39:47 UTC 2018
#@# Cortical Parc lh Wed Jan 10 15:39:50 UTC 2018
#@# Cortical Parc rh Wed Jan 10 15:40:18 UTC 2018
#@# Make Pial Surf lh Wed Jan 10 15:40:46 UTC 2018
#@# Make Pial Surf rh Wed Jan 10 16:03:29 UTC 2018
#@# Surf Volume lh Wed Jan 10 16:25:28 UTC 2018
#@# Surf Volume rh Wed Jan 10 16:25:33 UTC 2018
#@# Cortical ribbon mask Wed Jan 10 16:25:38 UTC 2018
#@# Parcellation Stats lh Wed Jan 10 16:43:37 UTC 2018
#@# Parcellation Stats rh Wed Jan 10 16:46:08 UTC 2018
#@# Cortical Parc 2 lh Wed Jan 10 16:48:41 UTC 2018
#@# Cortical Parc 2 rh Wed Jan 10 16:49:16 UTC 2018
#@# Parcellation Stats 2 lh Wed Jan 10 16:49:51 UTC 2018
#@# Parcellation Stats 2 rh Wed Jan 10 16:51:05 UTC 2018
#@# Cortical Parc 3 lh Wed Jan 10 16:52:22 UTC 2018
#@# Cortical Parc 3 rh Wed Jan 10 16:52:52 UTC 2018
#@# Parcellation Stats 3 lh Wed Jan 10 16:53:22 UTC 2018
#@# Parcellation Stats 3 rh Wed Jan 10 16:54:38 UTC 2018
#@# WM/GM Contrast lh Wed Jan 10 16:55:55 UTC 2018
#@# WM/GM Contrast rh Wed Jan 10 16:56:07 UTC 2018
#@# Relabel Hypointensities Wed Jan 10 16:56:19 UTC 2018
#@# AParc-to-ASeg aparc Wed Jan 10 16:57:13 UTC 2018
#@# AParc-to-ASeg a2009s Wed Jan 10 17:07:36 UTC 2018
#@# AParc-to-ASeg DKTatlas Wed Jan 10 17:17:49 UTC 2018
#@# APas-to-ASeg Wed Jan 10 17:27:08 UTC 2018
#@# ASeg Stats Wed Jan 10 17:27:20 UTC 2018
#@# WMParc Wed Jan 10 17:35:41 UTC 2018
#@# BA_exvivo Labels lh Wed Jan 10 17:57:07 UTC 2018
#@# BA_exvivo Labels rh Wed Jan 10 18:06:02 UTC 2018
recon-all -s 3621 finished without error at Wed Jan 10 18:15:10 UTC 2018
