status file for recon-all
Fri Jan 12 18:36:57 UTC 2018
#@# MotionCor Fri Jan 12 18:37:07 UTC 2018
#@# Talairach Fri Jan 12 18:37:37 UTC 2018
#@# Talairach Failure Detection Fri Jan 12 18:42:49 UTC 2018
#@# Nu Intensity Correction Fri Jan 12 18:42:49 UTC 2018
#@# Intensity Normalization Fri Jan 12 18:49:08 UTC 2018
#@# Skull Stripping Fri Jan 12 18:56:11 UTC 2018
#@# EM Registration Fri Jan 12 19:51:14 UTC 2018
#@# CA Normalize Fri Jan 12 20:42:57 UTC 2018
#@# CA Reg Fri Jan 12 20:47:02 UTC 2018
#@# SubCort Seg Sat Jan 13 01:51:02 UTC 2018
#@# Merge ASeg Sat Jan 13 03:34:40 UTC 2018
#@# Intensity Normalization2 Sat Jan 13 03:34:40 UTC 2018
#@# Mask BFS Sat Jan 13 03:40:39 UTC 2018
#@# WM Segmentation Sat Jan 13 03:40:42 UTC 2018
#@# Fill Sat Jan 13 03:44:14 UTC 2018
#@# Tessellate lh Sat Jan 13 03:45:37 UTC 2018
#@# Tessellate rh Sat Jan 13 03:45:46 UTC 2018
#@# Smooth1 lh Sat Jan 13 03:45:56 UTC 2018
#@# Smooth1 rh Sat Jan 13 03:46:04 UTC 2018
#@# Inflation1 lh Sat Jan 13 03:46:12 UTC 2018
#@# Inflation1 rh Sat Jan 13 03:47:01 UTC 2018
#@# QSphere lh Sat Jan 13 03:47:48 UTC 2018
#@# QSphere rh Sat Jan 13 03:53:10 UTC 2018
#@# Fix Topology Copy lh Sat Jan 13 03:58:29 UTC 2018
#@# Fix Topology Copy rh Sat Jan 13 03:58:30 UTC 2018
#@# Fix Topology lh Sat Jan 13 03:58:30 UTC 2018
#@# Fix Topology rh Sat Jan 13 04:46:52 UTC 2018
#@# Make White Surf lh Sat Jan 13 05:19:19 UTC 2018
#@# Make White Surf rh Sat Jan 13 05:26:39 UTC 2018
#@# Smooth2 lh Sat Jan 13 05:34:03 UTC 2018
#@# Smooth2 rh Sat Jan 13 05:34:11 UTC 2018
#@# Inflation2 lh Sat Jan 13 05:34:19 UTC 2018
#@# Inflation2 rh Sat Jan 13 05:35:07 UTC 2018
#@# Curv .H and .K lh Sat Jan 13 05:35:53 UTC 2018
#@# Curv .H and .K rh Sat Jan 13 05:37:57 UTC 2018
#@# Curvature Stats lh Sat Jan 13 05:40:00 UTC 2018
#@# Curvature Stats rh Sat Jan 13 05:40:05 UTC 2018
#@# Sphere lh Sat Jan 13 05:40:11 UTC 2018
#@# Sphere rh Sat Jan 13 06:41:11 UTC 2018
#@# Surf Reg lh Sat Jan 13 07:52:33 UTC 2018
#@# Surf Reg rh Sat Jan 13 08:59:48 UTC 2018
#@# Jacobian white lh Sat Jan 13 10:02:22 UTC 2018
#@# Jacobian white rh Sat Jan 13 10:02:25 UTC 2018
#@# AvgCurv lh Sat Jan 13 10:02:28 UTC 2018
#@# AvgCurv rh Sat Jan 13 10:02:30 UTC 2018
#@# Cortical Parc lh Sat Jan 13 10:02:33 UTC 2018
#@# Cortical Parc rh Sat Jan 13 10:02:54 UTC 2018
#@# Make Pial Surf lh Sat Jan 13 10:03:16 UTC 2018
#@# Make Pial Surf rh Sat Jan 13 10:23:24 UTC 2018
#@# Surf Volume lh Sat Jan 13 10:42:57 UTC 2018
#@# Surf Volume rh Sat Jan 13 10:43:02 UTC 2018
#@# Cortical ribbon mask Sat Jan 13 10:43:07 UTC 2018
#@# Parcellation Stats lh Sat Jan 13 11:00:33 UTC 2018
#@# Parcellation Stats rh Sat Jan 13 11:02:32 UTC 2018
#@# Cortical Parc 2 lh Sat Jan 13 11:04:31 UTC 2018
#@# Cortical Parc 2 rh Sat Jan 13 11:04:58 UTC 2018
#@# Parcellation Stats 2 lh Sat Jan 13 11:05:26 UTC 2018
#@# Parcellation Stats 2 rh Sat Jan 13 11:06:28 UTC 2018
#@# Cortical Parc 3 lh Sat Jan 13 11:07:28 UTC 2018
#@# Cortical Parc 3 rh Sat Jan 13 11:07:50 UTC 2018
#@# Parcellation Stats 3 lh Sat Jan 13 11:08:12 UTC 2018
#@# Parcellation Stats 3 rh Sat Jan 13 11:09:11 UTC 2018
#@# WM/GM Contrast lh Sat Jan 13 11:10:10 UTC 2018
#@# WM/GM Contrast rh Sat Jan 13 11:10:19 UTC 2018
#@# Relabel Hypointensities Sat Jan 13 11:10:28 UTC 2018
#@# AParc-to-ASeg aparc Sat Jan 13 11:11:02 UTC 2018
#@# AParc-to-ASeg a2009s Sat Jan 13 11:18:45 UTC 2018
#@# AParc-to-ASeg DKTatlas Sat Jan 13 11:26:25 UTC 2018
#@# APas-to-ASeg Sat Jan 13 11:34:09 UTC 2018
#@# ASeg Stats Sat Jan 13 11:34:19 UTC 2018
#@# WMParc Sat Jan 13 11:40:05 UTC 2018
#@# BA_exvivo Labels lh Sat Jan 13 11:56:03 UTC 2018
#@# BA_exvivo Labels rh Sat Jan 13 12:03:30 UTC 2018
recon-all -s 3827 finished without error at Sat Jan 13 12:10:49 UTC 2018
