status file for recon-all
Fri Jan 19 07:34:05 UTC 2018
#@# MotionCor Fri Jan 19 07:34:12 UTC 2018
#@# Talairach Fri Jan 19 07:34:32 UTC 2018
#@# Talairach Failure Detection Fri Jan 19 07:37:29 UTC 2018
#@# Nu Intensity Correction Fri Jan 19 07:37:29 UTC 2018
#@# Intensity Normalization Fri Jan 19 07:41:13 UTC 2018
#@# Skull Stripping Fri Jan 19 07:45:29 UTC 2018
#@# EM Registration Fri Jan 19 08:16:31 UTC 2018
#@# CA Normalize Fri Jan 19 08:49:35 UTC 2018
#@# CA Reg Fri Jan 19 08:52:38 UTC 2018
#@# SubCort Seg Fri Jan 19 13:28:06 UTC 2018
#@# Merge ASeg Fri Jan 19 15:10:05 UTC 2018
#@# Intensity Normalization2 Fri Jan 19 15:10:05 UTC 2018
#@# Mask BFS Fri Jan 19 15:16:25 UTC 2018
#@# WM Segmentation Fri Jan 19 15:16:28 UTC 2018
#@# Fill Fri Jan 19 15:20:13 UTC 2018
#@# Tessellate lh Fri Jan 19 15:21:37 UTC 2018
#@# Tessellate rh Fri Jan 19 15:21:48 UTC 2018
#@# Smooth1 lh Fri Jan 19 15:21:58 UTC 2018
#@# Smooth1 rh Fri Jan 19 15:22:07 UTC 2018
#@# Inflation1 lh Fri Jan 19 15:22:17 UTC 2018
#@# Inflation1 rh Fri Jan 19 15:23:10 UTC 2018
#@# QSphere lh Fri Jan 19 15:24:07 UTC 2018
#@# QSphere rh Fri Jan 19 15:29:58 UTC 2018
#@# Fix Topology Copy lh Fri Jan 19 15:35:52 UTC 2018
#@# Fix Topology Copy rh Fri Jan 19 15:35:52 UTC 2018
#@# Fix Topology lh Fri Jan 19 15:35:52 UTC 2018
#@# Fix Topology rh Fri Jan 19 16:34:06 UTC 2018
#@# Make White Surf lh Fri Jan 19 17:37:36 UTC 2018
#@# Make White Surf rh Fri Jan 19 17:46:09 UTC 2018
#@# Smooth2 lh Fri Jan 19 17:54:59 UTC 2018
#@# Smooth2 rh Fri Jan 19 17:55:08 UTC 2018
#@# Inflation2 lh Fri Jan 19 17:55:18 UTC 2018
#@# Inflation2 rh Fri Jan 19 17:56:12 UTC 2018
#@# Curv .H and .K lh Fri Jan 19 17:57:13 UTC 2018
#@# Curv .H and .K rh Fri Jan 19 17:59:36 UTC 2018
#@# Curvature Stats lh Fri Jan 19 18:02:05 UTC 2018
#@# Curvature Stats rh Fri Jan 19 18:02:12 UTC 2018
#@# Sphere lh Fri Jan 19 18:02:20 UTC 2018
#@# Sphere rh Fri Jan 19 19:18:46 UTC 2018
#@# Surf Reg lh Fri Jan 19 20:45:29 UTC 2018
#@# Surf Reg rh Fri Jan 19 21:56:04 UTC 2018
#@# Jacobian white lh Fri Jan 19 23:35:14 UTC 2018
#@# Jacobian white rh Fri Jan 19 23:35:18 UTC 2018
#@# AvgCurv lh Fri Jan 19 23:35:22 UTC 2018
#@# AvgCurv rh Fri Jan 19 23:35:25 UTC 2018
#@# Cortical Parc lh Fri Jan 19 23:35:28 UTC 2018
#@# Cortical Parc rh Fri Jan 19 23:35:57 UTC 2018
#@# Make Pial Surf lh Fri Jan 19 23:36:26 UTC 2018
#@# Make Pial Surf rh Sat Jan 20 00:02:41 UTC 2018
#@# Surf Volume lh Sat Jan 20 00:29:47 UTC 2018
#@# Surf Volume rh Sat Jan 20 00:29:53 UTC 2018
#@# Cortical ribbon mask Sat Jan 20 00:30:00 UTC 2018
#@# Parcellation Stats lh Sat Jan 20 00:55:00 UTC 2018
#@# Parcellation Stats rh Sat Jan 20 00:57:29 UTC 2018
#@# Cortical Parc 2 lh Sat Jan 20 00:59:59 UTC 2018
#@# Cortical Parc 2 rh Sat Jan 20 01:00:35 UTC 2018
#@# Parcellation Stats 2 lh Sat Jan 20 01:01:14 UTC 2018
#@# Parcellation Stats 2 rh Sat Jan 20 01:02:33 UTC 2018
#@# Cortical Parc 3 lh Sat Jan 20 01:03:54 UTC 2018
#@# Cortical Parc 3 rh Sat Jan 20 01:04:23 UTC 2018
#@# Parcellation Stats 3 lh Sat Jan 20 01:04:52 UTC 2018
#@# Parcellation Stats 3 rh Sat Jan 20 01:06:08 UTC 2018
#@# WM/GM Contrast lh Sat Jan 20 01:07:28 UTC 2018
#@# WM/GM Contrast rh Sat Jan 20 01:07:40 UTC 2018
#@# Relabel Hypointensities Sat Jan 20 01:07:52 UTC 2018
#@# AParc-to-ASeg aparc Sat Jan 20 01:08:42 UTC 2018
#@# AParc-to-ASeg a2009s Sat Jan 20 01:18:30 UTC 2018
#@# AParc-to-ASeg DKTatlas Sat Jan 20 01:27:59 UTC 2018
#@# APas-to-ASeg Sat Jan 20 01:37:00 UTC 2018
#@# ASeg Stats Sat Jan 20 01:37:15 UTC 2018
#@# WMParc Sat Jan 20 01:44:14 UTC 2018
#@# BA_exvivo Labels lh Sat Jan 20 02:04:10 UTC 2018
#@# BA_exvivo Labels rh Sat Jan 20 02:13:07 UTC 2018
recon-all -s 3593 finished without error at Sat Jan 20 02:22:00 UTC 2018
