status file for recon-all
Thu Jan 11 01:34:54 UTC 2018
#@# MotionCor Thu Jan 11 01:35:03 UTC 2018
#@# Talairach Thu Jan 11 01:35:23 UTC 2018
#@# Talairach Failure Detection Thu Jan 11 01:39:16 UTC 2018
#@# Nu Intensity Correction Thu Jan 11 01:39:16 UTC 2018
#@# Intensity Normalization Thu Jan 11 01:44:23 UTC 2018
#@# Skull Stripping Thu Jan 11 01:49:01 UTC 2018
#@# EM Registration Thu Jan 11 02:41:03 UTC 2018
#@# CA Normalize Thu Jan 11 03:41:41 UTC 2018
#@# CA Reg Thu Jan 11 03:45:16 UTC 2018
#@# SubCort Seg Thu Jan 11 09:59:22 UTC 2018
#@# Merge ASeg Thu Jan 11 12:16:47 UTC 2018
#@# Intensity Normalization2 Thu Jan 11 12:16:47 UTC 2018
#@# Mask BFS Thu Jan 11 12:25:11 UTC 2018
#@# WM Segmentation Thu Jan 11 12:25:16 UTC 2018
#@# Fill Thu Jan 11 12:30:08 UTC 2018
#@# Tessellate lh Thu Jan 11 12:32:09 UTC 2018
#@# Tessellate rh Thu Jan 11 12:32:25 UTC 2018
#@# Smooth1 lh Thu Jan 11 12:32:41 UTC 2018
#@# Smooth1 rh Thu Jan 11 12:32:55 UTC 2018
#@# Inflation1 lh Thu Jan 11 12:33:08 UTC 2018
#@# Inflation1 rh Thu Jan 11 12:34:25 UTC 2018
#@# QSphere lh Thu Jan 11 12:35:38 UTC 2018
#@# QSphere rh Thu Jan 11 12:43:33 UTC 2018
#@# Fix Topology Copy lh Thu Jan 11 12:51:26 UTC 2018
#@# Fix Topology Copy rh Thu Jan 11 12:51:26 UTC 2018
#@# Fix Topology lh Thu Jan 11 12:51:27 UTC 2018
#@# Fix Topology rh Thu Jan 11 14:10:38 UTC 2018
#@# Make White Surf lh Thu Jan 11 15:43:38 UTC 2018
#@# Make White Surf rh Thu Jan 11 15:54:58 UTC 2018
#@# Smooth2 lh Thu Jan 11 16:06:12 UTC 2018
#@# Smooth2 rh Thu Jan 11 16:06:25 UTC 2018
#@# Inflation2 lh Thu Jan 11 16:06:37 UTC 2018
#@# Inflation2 rh Thu Jan 11 16:07:47 UTC 2018
#@# Curv .H and .K lh Thu Jan 11 16:08:58 UTC 2018
#@# Curv .H and .K rh Thu Jan 11 16:12:07 UTC 2018
#@# Curvature Stats lh Thu Jan 11 16:15:26 UTC 2018
#@# Curvature Stats rh Thu Jan 11 16:15:36 UTC 2018
#@# Sphere lh Thu Jan 11 16:15:45 UTC 2018
#@# Sphere rh Thu Jan 11 17:55:32 UTC 2018
#@# Surf Reg lh Thu Jan 11 19:51:41 UTC 2018
#@# Surf Reg rh Thu Jan 11 21:44:58 UTC 2018
#@# Jacobian white lh Thu Jan 11 23:40:57 UTC 2018
#@# Jacobian white rh Thu Jan 11 23:41:01 UTC 2018
#@# AvgCurv lh Thu Jan 11 23:41:05 UTC 2018
#@# AvgCurv rh Thu Jan 11 23:41:09 UTC 2018
#@# Cortical Parc lh Thu Jan 11 23:41:12 UTC 2018
#@# Cortical Parc rh Thu Jan 11 23:41:45 UTC 2018
#@# Make Pial Surf lh Thu Jan 11 23:42:17 UTC 2018
#@# Make Pial Surf rh Fri Jan 12 00:13:49 UTC 2018
#@# Surf Volume lh Fri Jan 12 00:45:50 UTC 2018
#@# Surf Volume rh Fri Jan 12 00:45:59 UTC 2018
#@# Cortical ribbon mask Fri Jan 12 00:46:05 UTC 2018
#@# Parcellation Stats lh Fri Jan 12 01:14:18 UTC 2018
#@# Parcellation Stats rh Fri Jan 12 01:16:55 UTC 2018
#@# Cortical Parc 2 lh Fri Jan 12 01:19:37 UTC 2018
#@# Cortical Parc 2 rh Fri Jan 12 01:20:13 UTC 2018
#@# Parcellation Stats 2 lh Fri Jan 12 01:20:47 UTC 2018
#@# Parcellation Stats 2 rh Fri Jan 12 01:22:13 UTC 2018
#@# Cortical Parc 3 lh Fri Jan 12 01:23:35 UTC 2018
#@# Cortical Parc 3 rh Fri Jan 12 01:24:05 UTC 2018
#@# Parcellation Stats 3 lh Fri Jan 12 01:24:35 UTC 2018
#@# Parcellation Stats 3 rh Fri Jan 12 01:25:53 UTC 2018
#@# WM/GM Contrast lh Fri Jan 12 01:27:11 UTC 2018
#@# WM/GM Contrast rh Fri Jan 12 01:27:22 UTC 2018
#@# Relabel Hypointensities Fri Jan 12 01:27:34 UTC 2018
#@# AParc-to-ASeg aparc Fri Jan 12 01:28:21 UTC 2018
#@# AParc-to-ASeg a2009s Fri Jan 12 01:37:55 UTC 2018
#@# AParc-to-ASeg DKTatlas Fri Jan 12 01:46:53 UTC 2018
#@# APas-to-ASeg Fri Jan 12 01:55:34 UTC 2018
#@# ASeg Stats Fri Jan 12 01:55:47 UTC 2018
#@# WMParc Fri Jan 12 02:02:46 UTC 2018
#@# BA_exvivo Labels lh Fri Jan 12 02:20:14 UTC 2018
#@# BA_exvivo Labels rh Fri Jan 12 02:28:35 UTC 2018
recon-all -s 3776 finished without error at Fri Jan 12 02:37:02 UTC 2018
