status file for recon-all
Fri Jan 12 03:02:32 UTC 2018
#@# MotionCor Fri Jan 12 03:02:40 UTC 2018
#@# Talairach Fri Jan 12 03:03:01 UTC 2018
#@# Talairach Failure Detection Fri Jan 12 03:06:52 UTC 2018
#@# Nu Intensity Correction Fri Jan 12 03:06:52 UTC 2018
#@# Intensity Normalization Fri Jan 12 03:11:48 UTC 2018
#@# Skull Stripping Fri Jan 12 03:16:40 UTC 2018
#@# EM Registration Fri Jan 12 04:13:17 UTC 2018
#@# CA Normalize Fri Jan 12 04:45:28 UTC 2018
#@# CA Reg Fri Jan 12 04:49:17 UTC 2018
#@# SubCort Seg Fri Jan 12 10:10:11 UTC 2018
#@# Merge ASeg Fri Jan 12 12:03:23 UTC 2018
#@# Intensity Normalization2 Fri Jan 12 12:03:23 UTC 2018
#@# Mask BFS Fri Jan 12 12:09:55 UTC 2018
#@# WM Segmentation Fri Jan 12 12:09:58 UTC 2018
#@# Fill Fri Jan 12 12:13:51 UTC 2018
#@# Tessellate lh Fri Jan 12 12:15:30 UTC 2018
#@# Tessellate rh Fri Jan 12 12:15:42 UTC 2018
#@# Smooth1 lh Fri Jan 12 12:15:54 UTC 2018
#@# Smooth1 rh Fri Jan 12 12:16:04 UTC 2018
#@# Inflation1 lh Fri Jan 12 12:16:14 UTC 2018
#@# Inflation1 rh Fri Jan 12 12:17:14 UTC 2018
#@# QSphere lh Fri Jan 12 12:18:13 UTC 2018
#@# QSphere rh Fri Jan 12 12:24:53 UTC 2018
#@# Fix Topology Copy lh Fri Jan 12 12:31:27 UTC 2018
#@# Fix Topology Copy rh Fri Jan 12 12:31:27 UTC 2018
#@# Fix Topology lh Fri Jan 12 12:31:27 UTC 2018
#@# Fix Topology rh Fri Jan 12 13:23:30 UTC 2018
#@# Make White Surf lh Fri Jan 12 14:36:15 UTC 2018
#@# Make White Surf rh Fri Jan 12 14:45:08 UTC 2018
#@# Smooth2 lh Fri Jan 12 14:53:58 UTC 2018
#@# Smooth2 rh Fri Jan 12 14:54:08 UTC 2018
#@# Inflation2 lh Fri Jan 12 14:54:18 UTC 2018
#@# Inflation2 rh Fri Jan 12 14:55:21 UTC 2018
#@# Curv .H and .K lh Fri Jan 12 14:56:21 UTC 2018
#@# Curv .H and .K rh Fri Jan 12 14:59:00 UTC 2018
#@# Curvature Stats lh Fri Jan 12 15:01:41 UTC 2018
#@# Curvature Stats rh Fri Jan 12 15:01:48 UTC 2018
#@# Sphere lh Fri Jan 12 15:01:55 UTC 2018
#@# Sphere rh Fri Jan 12 16:26:52 UTC 2018
#@# Surf Reg lh Fri Jan 12 17:54:12 UTC 2018
#@# Surf Reg rh Fri Jan 12 19:48:20 UTC 2018
#@# Jacobian white lh Fri Jan 12 21:44:17 UTC 2018
#@# Jacobian white rh Fri Jan 12 21:44:22 UTC 2018
#@# AvgCurv lh Fri Jan 12 21:44:26 UTC 2018
#@# AvgCurv rh Fri Jan 12 21:44:30 UTC 2018
#@# Cortical Parc lh Fri Jan 12 21:44:34 UTC 2018
#@# Cortical Parc rh Fri Jan 12 21:45:13 UTC 2018
#@# Make Pial Surf lh Fri Jan 12 21:45:47 UTC 2018
#@# Make Pial Surf rh Fri Jan 12 22:19:48 UTC 2018
#@# Surf Volume lh Fri Jan 12 22:53:27 UTC 2018
#@# Surf Volume rh Fri Jan 12 22:53:35 UTC 2018
#@# Cortical ribbon mask Fri Jan 12 22:53:43 UTC 2018
#@# Parcellation Stats lh Fri Jan 12 23:31:14 UTC 2018
#@# Parcellation Stats rh Fri Jan 12 23:34:30 UTC 2018
#@# Cortical Parc 2 lh Fri Jan 12 23:37:36 UTC 2018
#@# Cortical Parc 2 rh Fri Jan 12 23:38:20 UTC 2018
#@# Parcellation Stats 2 lh Fri Jan 12 23:39:06 UTC 2018
#@# Parcellation Stats 2 rh Fri Jan 12 23:40:53 UTC 2018
#@# Cortical Parc 3 lh Fri Jan 12 23:42:36 UTC 2018
#@# Cortical Parc 3 rh Fri Jan 12 23:43:10 UTC 2018
#@# Parcellation Stats 3 lh Fri Jan 12 23:43:47 UTC 2018
#@# Parcellation Stats 3 rh Fri Jan 12 23:45:27 UTC 2018
#@# WM/GM Contrast lh Fri Jan 12 23:47:06 UTC 2018
#@# WM/GM Contrast rh Fri Jan 12 23:47:22 UTC 2018
#@# Relabel Hypointensities Fri Jan 12 23:47:38 UTC 2018
#@# AParc-to-ASeg aparc Fri Jan 12 23:48:38 UTC 2018
#@# AParc-to-ASeg a2009s Sat Jan 13 00:00:30 UTC 2018
#@# AParc-to-ASeg DKTatlas Sat Jan 13 00:12:26 UTC 2018
#@# APas-to-ASeg Sat Jan 13 00:24:03 UTC 2018
#@# ASeg Stats Sat Jan 13 00:24:19 UTC 2018
#@# WMParc Sat Jan 13 00:33:56 UTC 2018
#@# BA_exvivo Labels lh Sat Jan 13 00:56:33 UTC 2018
#@# BA_exvivo Labels rh Sat Jan 13 01:06:08 UTC 2018
recon-all -s 3808 finished without error at Sat Jan 13 01:14:47 UTC 2018
