status file for recon-all
Thu Jan 18 02:32:25 UTC 2018
#@# MotionCor Thu Jan 18 02:32:32 UTC 2018
#@# Talairach Thu Jan 18 02:32:51 UTC 2018
#@# Talairach Failure Detection Thu Jan 18 02:35:47 UTC 2018
#@# Nu Intensity Correction Thu Jan 18 02:35:47 UTC 2018
#@# Intensity Normalization Thu Jan 18 02:39:40 UTC 2018
#@# Skull Stripping Thu Jan 18 02:44:04 UTC 2018
#@# EM Registration Thu Jan 18 03:32:50 UTC 2018
#@# CA Normalize Thu Jan 18 04:01:22 UTC 2018
#@# CA Reg Thu Jan 18 04:04:46 UTC 2018
#@# SubCort Seg Thu Jan 18 09:18:16 UTC 2018
#@# Merge ASeg Thu Jan 18 11:51:24 UTC 2018
#@# Intensity Normalization2 Thu Jan 18 11:51:24 UTC 2018
#@# Mask BFS Thu Jan 18 11:59:03 UTC 2018
#@# WM Segmentation Thu Jan 18 11:59:07 UTC 2018
#@# Fill Thu Jan 18 12:03:04 UTC 2018
#@# Tessellate lh Thu Jan 18 12:04:53 UTC 2018
#@# Tessellate rh Thu Jan 18 12:05:04 UTC 2018
#@# Smooth1 lh Thu Jan 18 12:05:15 UTC 2018
#@# Smooth1 rh Thu Jan 18 12:05:26 UTC 2018
#@# Inflation1 lh Thu Jan 18 12:05:36 UTC 2018
#@# Inflation1 rh Thu Jan 18 12:06:37 UTC 2018
#@# QSphere lh Thu Jan 18 12:07:39 UTC 2018
#@# QSphere rh Thu Jan 18 12:14:22 UTC 2018
#@# Fix Topology Copy lh Thu Jan 18 12:20:41 UTC 2018
#@# Fix Topology Copy rh Thu Jan 18 12:20:41 UTC 2018
#@# Fix Topology lh Thu Jan 18 12:20:41 UTC 2018
#@# Fix Topology rh Thu Jan 18 13:26:26 UTC 2018
#@# Make White Surf lh Thu Jan 18 14:25:09 UTC 2018
#@# Make White Surf rh Thu Jan 18 14:35:29 UTC 2018
#@# Smooth2 lh Thu Jan 18 14:45:16 UTC 2018
#@# Smooth2 rh Thu Jan 18 14:45:25 UTC 2018
#@# Inflation2 lh Thu Jan 18 14:45:34 UTC 2018
#@# Inflation2 rh Thu Jan 18 14:46:37 UTC 2018
#@# Curv .H and .K lh Thu Jan 18 14:47:39 UTC 2018
#@# Curv .H and .K rh Thu Jan 18 14:50:14 UTC 2018
#@# Curvature Stats lh Thu Jan 18 14:52:45 UTC 2018
#@# Curvature Stats rh Thu Jan 18 14:52:52 UTC 2018
#@# Sphere lh Thu Jan 18 14:53:02 UTC 2018
#@# Sphere rh Thu Jan 18 16:32:27 UTC 2018
#@# Surf Reg lh Thu Jan 18 18:04:39 UTC 2018
#@# Surf Reg rh Thu Jan 18 19:38:44 UTC 2018
#@# Jacobian white lh Thu Jan 18 21:13:19 UTC 2018
#@# Jacobian white rh Thu Jan 18 21:13:23 UTC 2018
#@# AvgCurv lh Thu Jan 18 21:13:26 UTC 2018
#@# AvgCurv rh Thu Jan 18 21:13:29 UTC 2018
#@# Cortical Parc lh Thu Jan 18 21:13:32 UTC 2018
#@# Cortical Parc rh Thu Jan 18 21:14:03 UTC 2018
#@# Make Pial Surf lh Thu Jan 18 21:14:30 UTC 2018
#@# Make Pial Surf rh Thu Jan 18 21:43:18 UTC 2018
#@# Surf Volume lh Thu Jan 18 22:07:51 UTC 2018
#@# Surf Volume rh Thu Jan 18 22:07:56 UTC 2018
#@# Cortical ribbon mask Thu Jan 18 22:08:00 UTC 2018
#@# Parcellation Stats lh Thu Jan 18 22:32:58 UTC 2018
#@# Parcellation Stats rh Thu Jan 18 22:35:06 UTC 2018
#@# Cortical Parc 2 lh Thu Jan 18 22:37:09 UTC 2018
#@# Cortical Parc 2 rh Thu Jan 18 22:37:39 UTC 2018
#@# Parcellation Stats 2 lh Thu Jan 18 22:38:09 UTC 2018
#@# Parcellation Stats 2 rh Thu Jan 18 22:39:15 UTC 2018
#@# Cortical Parc 3 lh Thu Jan 18 22:40:16 UTC 2018
#@# Cortical Parc 3 rh Thu Jan 18 22:40:38 UTC 2018
#@# Parcellation Stats 3 lh Thu Jan 18 22:40:59 UTC 2018
#@# Parcellation Stats 3 rh Thu Jan 18 22:42:01 UTC 2018
#@# WM/GM Contrast lh Thu Jan 18 22:43:02 UTC 2018
#@# WM/GM Contrast rh Thu Jan 18 22:43:11 UTC 2018
#@# Relabel Hypointensities Thu Jan 18 22:43:21 UTC 2018
#@# AParc-to-ASeg aparc Thu Jan 18 22:43:57 UTC 2018
#@# AParc-to-ASeg a2009s Thu Jan 18 22:52:27 UTC 2018
#@# AParc-to-ASeg DKTatlas Thu Jan 18 23:01:08 UTC 2018
#@# APas-to-ASeg Thu Jan 18 23:09:25 UTC 2018
#@# ASeg Stats Thu Jan 18 23:09:36 UTC 2018
#@# WMParc Thu Jan 18 23:16:04 UTC 2018
#@# BA_exvivo Labels lh Thu Jan 18 23:32:00 UTC 2018
#@# BA_exvivo Labels rh Thu Jan 18 23:39:17 UTC 2018
recon-all -s 3960 finished without error at Thu Jan 18 23:46:30 UTC 2018
