status file for recon-all
Thu Jan 18 02:31:25 UTC 2018
#@# MotionCor Thu Jan 18 02:31:30 UTC 2018
#@# Talairach Thu Jan 18 02:31:46 UTC 2018
#@# Talairach Failure Detection Thu Jan 18 02:34:29 UTC 2018
#@# Nu Intensity Correction Thu Jan 18 02:34:29 UTC 2018
#@# Intensity Normalization Thu Jan 18 02:38:08 UTC 2018
#@# Skull Stripping Thu Jan 18 02:42:40 UTC 2018
#@# EM Registration Thu Jan 18 03:15:49 UTC 2018
#@# CA Normalize Thu Jan 18 03:55:11 UTC 2018
#@# CA Reg Thu Jan 18 03:58:29 UTC 2018
#@# SubCort Seg Thu Jan 18 09:27:59 UTC 2018
#@# Merge ASeg Thu Jan 18 12:02:51 UTC 2018
#@# Intensity Normalization2 Thu Jan 18 12:02:51 UTC 2018
#@# Mask BFS Thu Jan 18 12:10:24 UTC 2018
#@# WM Segmentation Thu Jan 18 12:10:29 UTC 2018
#@# Fill Thu Jan 18 12:14:31 UTC 2018
#@# Tessellate lh Thu Jan 18 12:16:19 UTC 2018
#@# Tessellate rh Thu Jan 18 12:16:32 UTC 2018
#@# Smooth1 lh Thu Jan 18 12:16:45 UTC 2018
#@# Smooth1 rh Thu Jan 18 12:16:54 UTC 2018
#@# Inflation1 lh Thu Jan 18 12:17:04 UTC 2018
#@# Inflation1 rh Thu Jan 18 12:18:04 UTC 2018
#@# QSphere lh Thu Jan 18 12:19:06 UTC 2018
#@# QSphere rh Thu Jan 18 12:25:48 UTC 2018
#@# Fix Topology Copy lh Thu Jan 18 12:32:09 UTC 2018
#@# Fix Topology Copy rh Thu Jan 18 12:32:09 UTC 2018
#@# Fix Topology lh Thu Jan 18 12:32:09 UTC 2018
#@# Fix Topology rh Thu Jan 18 13:43:58 UTC 2018
#@# Make White Surf lh Thu Jan 18 15:06:35 UTC 2018
#@# Make White Surf rh Thu Jan 18 15:16:33 UTC 2018
#@# Smooth2 lh Thu Jan 18 15:26:02 UTC 2018
#@# Smooth2 rh Thu Jan 18 15:26:14 UTC 2018
#@# Inflation2 lh Thu Jan 18 15:26:24 UTC 2018
#@# Inflation2 rh Thu Jan 18 15:27:23 UTC 2018
#@# Curv .H and .K lh Thu Jan 18 15:28:22 UTC 2018
#@# Curv .H and .K rh Thu Jan 18 15:30:54 UTC 2018
#@# Curvature Stats lh Thu Jan 18 15:33:28 UTC 2018
#@# Curvature Stats rh Thu Jan 18 15:33:35 UTC 2018
#@# Sphere lh Thu Jan 18 15:33:43 UTC 2018
#@# Sphere rh Thu Jan 18 17:03:04 UTC 2018
#@# Surf Reg lh Thu Jan 18 18:34:27 UTC 2018
#@# Surf Reg rh Thu Jan 18 20:01:14 UTC 2018
#@# Jacobian white lh Thu Jan 18 21:28:15 UTC 2018
#@# Jacobian white rh Thu Jan 18 21:28:19 UTC 2018
#@# AvgCurv lh Thu Jan 18 21:28:23 UTC 2018
#@# AvgCurv rh Thu Jan 18 21:28:26 UTC 2018
#@# Cortical Parc lh Thu Jan 18 21:28:29 UTC 2018
#@# Cortical Parc rh Thu Jan 18 21:28:55 UTC 2018
#@# Make Pial Surf lh Thu Jan 18 21:29:19 UTC 2018
#@# Make Pial Surf rh Thu Jan 18 21:54:50 UTC 2018
#@# Surf Volume lh Thu Jan 18 22:15:43 UTC 2018
#@# Surf Volume rh Thu Jan 18 22:15:47 UTC 2018
#@# Cortical ribbon mask Thu Jan 18 22:15:52 UTC 2018
#@# Parcellation Stats lh Thu Jan 18 22:38:12 UTC 2018
#@# Parcellation Stats rh Thu Jan 18 22:40:12 UTC 2018
#@# Cortical Parc 2 lh Thu Jan 18 22:42:09 UTC 2018
#@# Cortical Parc 2 rh Thu Jan 18 22:42:37 UTC 2018
#@# Parcellation Stats 2 lh Thu Jan 18 22:43:03 UTC 2018
#@# Parcellation Stats 2 rh Thu Jan 18 22:44:06 UTC 2018
#@# Cortical Parc 3 lh Thu Jan 18 22:45:05 UTC 2018
#@# Cortical Parc 3 rh Thu Jan 18 22:45:26 UTC 2018
#@# Parcellation Stats 3 lh Thu Jan 18 22:45:46 UTC 2018
#@# Parcellation Stats 3 rh Thu Jan 18 22:46:42 UTC 2018
#@# WM/GM Contrast lh Thu Jan 18 22:47:41 UTC 2018
#@# WM/GM Contrast rh Thu Jan 18 22:47:50 UTC 2018
#@# Relabel Hypointensities Thu Jan 18 22:47:59 UTC 2018
#@# AParc-to-ASeg aparc Thu Jan 18 22:48:34 UTC 2018
#@# AParc-to-ASeg a2009s Thu Jan 18 22:58:39 UTC 2018
#@# AParc-to-ASeg DKTatlas Thu Jan 18 23:08:32 UTC 2018
#@# APas-to-ASeg Thu Jan 18 23:18:13 UTC 2018
#@# ASeg Stats Thu Jan 18 23:18:25 UTC 2018
#@# WMParc Thu Jan 18 23:24:36 UTC 2018
#@# BA_exvivo Labels lh Thu Jan 18 23:40:08 UTC 2018
#@# BA_exvivo Labels rh Thu Jan 18 23:47:15 UTC 2018
recon-all -s 3957 finished without error at Thu Jan 18 23:54:13 UTC 2018
