status file for recon-all
Wed Jan 10 00:08:31 UTC 2018
#@# MotionCor Wed Jan 10 00:08:36 UTC 2018
#@# Talairach Wed Jan 10 00:08:56 UTC 2018
#@# Talairach Failure Detection Wed Jan 10 00:12:34 UTC 2018
#@# Nu Intensity Correction Wed Jan 10 00:12:34 UTC 2018
#@# Intensity Normalization Wed Jan 10 00:17:14 UTC 2018
#@# Skull Stripping Wed Jan 10 00:21:59 UTC 2018
#@# EM Registration Wed Jan 10 01:10:39 UTC 2018
#@# CA Normalize Wed Jan 10 01:39:21 UTC 2018
#@# CA Reg Wed Jan 10 01:42:30 UTC 2018
#@# SubCort Seg Wed Jan 10 07:43:37 UTC 2018
#@# Merge ASeg Wed Jan 10 10:02:33 UTC 2018
#@# Intensity Normalization2 Wed Jan 10 10:02:33 UTC 2018
#@# Mask BFS Wed Jan 10 10:10:09 UTC 2018
#@# WM Segmentation Wed Jan 10 10:10:13 UTC 2018
#@# Fill Wed Jan 10 10:14:59 UTC 2018
#@# Tessellate lh Wed Jan 10 10:16:47 UTC 2018
#@# Tessellate rh Wed Jan 10 10:16:59 UTC 2018
#@# Smooth1 lh Wed Jan 10 10:17:12 UTC 2018
#@# Smooth1 rh Wed Jan 10 10:17:21 UTC 2018
#@# Inflation1 lh Wed Jan 10 10:17:30 UTC 2018
#@# Inflation1 rh Wed Jan 10 10:18:26 UTC 2018
#@# QSphere lh Wed Jan 10 10:19:21 UTC 2018
#@# QSphere rh Wed Jan 10 10:25:32 UTC 2018
#@# Fix Topology Copy lh Wed Jan 10 10:31:47 UTC 2018
#@# Fix Topology Copy rh Wed Jan 10 10:31:47 UTC 2018
#@# Fix Topology lh Wed Jan 10 10:31:48 UTC 2018
#@# Fix Topology rh Wed Jan 10 11:06:27 UTC 2018
#@# Make White Surf lh Wed Jan 10 11:40:39 UTC 2018
#@# Make White Surf rh Wed Jan 10 11:47:48 UTC 2018
#@# Smooth2 lh Wed Jan 10 11:54:44 UTC 2018
#@# Smooth2 rh Wed Jan 10 11:54:53 UTC 2018
#@# Inflation2 lh Wed Jan 10 11:55:01 UTC 2018
#@# Inflation2 rh Wed Jan 10 11:55:51 UTC 2018
#@# Curv .H and .K lh Wed Jan 10 11:56:42 UTC 2018
#@# Curv .H and .K rh Wed Jan 10 11:58:51 UTC 2018
#@# Curvature Stats lh Wed Jan 10 12:01:04 UTC 2018
#@# Curvature Stats rh Wed Jan 10 12:01:10 UTC 2018
#@# Sphere lh Wed Jan 10 12:01:16 UTC 2018
#@# Sphere rh Wed Jan 10 12:44:17 UTC 2018
#@# Surf Reg lh Wed Jan 10 13:56:39 UTC 2018
#@# Surf Reg rh Wed Jan 10 15:01:02 UTC 2018
#@# Jacobian white lh Wed Jan 10 16:18:13 UTC 2018
#@# Jacobian white rh Wed Jan 10 16:18:16 UTC 2018
#@# AvgCurv lh Wed Jan 10 16:18:19 UTC 2018
#@# AvgCurv rh Wed Jan 10 16:18:22 UTC 2018
#@# Cortical Parc lh Wed Jan 10 16:18:25 UTC 2018
#@# Cortical Parc rh Wed Jan 10 16:18:50 UTC 2018
#@# Make Pial Surf lh Wed Jan 10 16:19:15 UTC 2018
#@# Make Pial Surf rh Wed Jan 10 16:44:34 UTC 2018
#@# Surf Volume lh Wed Jan 10 17:10:17 UTC 2018
#@# Surf Volume rh Wed Jan 10 17:10:23 UTC 2018
#@# Cortical ribbon mask Wed Jan 10 17:10:29 UTC 2018
#@# Parcellation Stats lh Wed Jan 10 17:32:49 UTC 2018
#@# Parcellation Stats rh Wed Jan 10 17:35:13 UTC 2018
#@# Cortical Parc 2 lh Wed Jan 10 17:37:47 UTC 2018
#@# Cortical Parc 2 rh Wed Jan 10 17:38:24 UTC 2018
#@# Parcellation Stats 2 lh Wed Jan 10 17:38:59 UTC 2018
#@# Parcellation Stats 2 rh Wed Jan 10 17:40:21 UTC 2018
#@# Cortical Parc 3 lh Wed Jan 10 17:41:41 UTC 2018
#@# Cortical Parc 3 rh Wed Jan 10 17:42:09 UTC 2018
#@# Parcellation Stats 3 lh Wed Jan 10 17:42:38 UTC 2018
#@# Parcellation Stats 3 rh Wed Jan 10 17:43:51 UTC 2018
#@# WM/GM Contrast lh Wed Jan 10 17:45:05 UTC 2018
#@# WM/GM Contrast rh Wed Jan 10 17:45:18 UTC 2018
#@# Relabel Hypointensities Wed Jan 10 17:45:28 UTC 2018
#@# AParc-to-ASeg aparc Wed Jan 10 17:46:11 UTC 2018
#@# AParc-to-ASeg a2009s Wed Jan 10 17:57:08 UTC 2018
#@# AParc-to-ASeg DKTatlas Wed Jan 10 18:08:37 UTC 2018
#@# APas-to-ASeg Wed Jan 10 18:19:53 UTC 2018
#@# ASeg Stats Wed Jan 10 18:20:07 UTC 2018
#@# WMParc Wed Jan 10 18:28:50 UTC 2018
#@# BA_exvivo Labels lh Wed Jan 10 18:49:46 UTC 2018
#@# BA_exvivo Labels rh Wed Jan 10 18:58:25 UTC 2018
recon-all -s 3620 finished without error at Wed Jan 10 19:06:57 UTC 2018
