status file for recon-all
Wed Jan 10 00:08:48 UTC 2018
#@# MotionCor Wed Jan 10 00:08:53 UTC 2018
#@# Talairach Wed Jan 10 00:09:15 UTC 2018
#@# Talairach Failure Detection Wed Jan 10 00:12:49 UTC 2018
#@# Nu Intensity Correction Wed Jan 10 00:12:49 UTC 2018
#@# Intensity Normalization Wed Jan 10 00:17:30 UTC 2018
#@# Skull Stripping Wed Jan 10 00:21:40 UTC 2018
#@# EM Registration Wed Jan 10 00:56:40 UTC 2018
#@# CA Normalize Wed Jan 10 01:30:06 UTC 2018
#@# CA Reg Wed Jan 10 01:32:54 UTC 2018
#@# SubCort Seg Wed Jan 10 08:14:49 UTC 2018
#@# Merge ASeg Wed Jan 10 10:42:00 UTC 2018
#@# Intensity Normalization2 Wed Jan 10 10:42:00 UTC 2018
#@# Mask BFS Wed Jan 10 10:48:40 UTC 2018
#@# WM Segmentation Wed Jan 10 10:48:44 UTC 2018
#@# Fill Wed Jan 10 10:52:59 UTC 2018
#@# Tessellate lh Wed Jan 10 10:54:31 UTC 2018
#@# Tessellate rh Wed Jan 10 10:54:43 UTC 2018
#@# Smooth1 lh Wed Jan 10 10:54:55 UTC 2018
#@# Smooth1 rh Wed Jan 10 10:55:05 UTC 2018
#@# Inflation1 lh Wed Jan 10 10:55:15 UTC 2018
#@# Inflation1 rh Wed Jan 10 10:56:14 UTC 2018
#@# QSphere lh Wed Jan 10 10:57:16 UTC 2018
#@# QSphere rh Wed Jan 10 11:03:24 UTC 2018
#@# Fix Topology Copy lh Wed Jan 10 11:10:10 UTC 2018
#@# Fix Topology Copy rh Wed Jan 10 11:10:10 UTC 2018
#@# Fix Topology lh Wed Jan 10 11:10:10 UTC 2018
#@# Fix Topology rh Wed Jan 10 11:58:25 UTC 2018
#@# Make White Surf lh Wed Jan 10 12:38:51 UTC 2018
#@# Make White Surf rh Wed Jan 10 12:46:58 UTC 2018
#@# Smooth2 lh Wed Jan 10 12:55:18 UTC 2018
#@# Smooth2 rh Wed Jan 10 12:55:27 UTC 2018
#@# Inflation2 lh Wed Jan 10 12:55:37 UTC 2018
#@# Inflation2 rh Wed Jan 10 12:56:35 UTC 2018
#@# Curv .H and .K lh Wed Jan 10 12:57:32 UTC 2018
#@# Curv .H and .K rh Wed Jan 10 13:00:13 UTC 2018
#@# Curvature Stats lh Wed Jan 10 13:02:48 UTC 2018
#@# Curvature Stats rh Wed Jan 10 13:02:54 UTC 2018
#@# Sphere lh Wed Jan 10 13:03:01 UTC 2018
#@# Sphere rh Wed Jan 10 14:40:41 UTC 2018
#@# Surf Reg lh Wed Jan 10 16:16:30 UTC 2018
#@# Surf Reg rh Wed Jan 10 17:44:41 UTC 2018
#@# Jacobian white lh Wed Jan 10 19:22:39 UTC 2018
#@# Jacobian white rh Wed Jan 10 19:22:43 UTC 2018
#@# AvgCurv lh Wed Jan 10 19:22:46 UTC 2018
#@# AvgCurv rh Wed Jan 10 19:22:48 UTC 2018
#@# Cortical Parc lh Wed Jan 10 19:22:51 UTC 2018
#@# Cortical Parc rh Wed Jan 10 19:23:16 UTC 2018
#@# Make Pial Surf lh Wed Jan 10 19:23:40 UTC 2018
#@# Make Pial Surf rh Wed Jan 10 19:47:27 UTC 2018
#@# Surf Volume lh Wed Jan 10 20:11:42 UTC 2018
#@# Surf Volume rh Wed Jan 10 20:11:48 UTC 2018
#@# Cortical ribbon mask Wed Jan 10 20:11:54 UTC 2018
#@# Parcellation Stats lh Wed Jan 10 20:34:00 UTC 2018
#@# Parcellation Stats rh Wed Jan 10 20:36:20 UTC 2018
#@# Cortical Parc 2 lh Wed Jan 10 20:38:38 UTC 2018
#@# Cortical Parc 2 rh Wed Jan 10 20:39:09 UTC 2018
#@# Parcellation Stats 2 lh Wed Jan 10 20:39:40 UTC 2018
#@# Parcellation Stats 2 rh Wed Jan 10 20:40:53 UTC 2018
#@# Cortical Parc 3 lh Wed Jan 10 20:42:05 UTC 2018
#@# Cortical Parc 3 rh Wed Jan 10 20:42:29 UTC 2018
#@# Parcellation Stats 3 lh Wed Jan 10 20:42:53 UTC 2018
#@# Parcellation Stats 3 rh Wed Jan 10 20:44:03 UTC 2018
#@# WM/GM Contrast lh Wed Jan 10 20:45:13 UTC 2018
#@# WM/GM Contrast rh Wed Jan 10 20:45:23 UTC 2018
#@# Relabel Hypointensities Wed Jan 10 20:45:34 UTC 2018
#@# AParc-to-ASeg aparc Wed Jan 10 20:46:13 UTC 2018
#@# AParc-to-ASeg a2009s Wed Jan 10 20:54:28 UTC 2018
#@# AParc-to-ASeg DKTatlas Wed Jan 10 21:02:58 UTC 2018
#@# APas-to-ASeg Wed Jan 10 21:11:02 UTC 2018
#@# ASeg Stats Wed Jan 10 21:11:14 UTC 2018
#@# WMParc Wed Jan 10 21:17:50 UTC 2018
#@# BA_exvivo Labels lh Wed Jan 10 21:35:44 UTC 2018
#@# BA_exvivo Labels rh Wed Jan 10 21:44:06 UTC 2018
recon-all -s 3622 finished without error at Wed Jan 10 21:52:28 UTC 2018
