status file for recon-all
Fri Jan 12 03:02:25 UTC 2018
#@# MotionCor Fri Jan 12 03:02:31 UTC 2018
#@# Talairach Fri Jan 12 03:02:51 UTC 2018
#@# Talairach Failure Detection Fri Jan 12 03:06:52 UTC 2018
#@# Nu Intensity Correction Fri Jan 12 03:06:52 UTC 2018
#@# Intensity Normalization Fri Jan 12 03:11:52 UTC 2018
#@# Skull Stripping Fri Jan 12 03:16:44 UTC 2018
#@# EM Registration Fri Jan 12 04:01:30 UTC 2018
#@# CA Normalize Fri Jan 12 04:32:55 UTC 2018
#@# CA Reg Fri Jan 12 04:36:38 UTC 2018
#@# SubCort Seg Fri Jan 12 10:15:37 UTC 2018
#@# Merge ASeg Fri Jan 12 11:58:27 UTC 2018
#@# Intensity Normalization2 Fri Jan 12 11:58:27 UTC 2018
#@# Mask BFS Fri Jan 12 12:04:58 UTC 2018
#@# WM Segmentation Fri Jan 12 12:05:02 UTC 2018
#@# Fill Fri Jan 12 12:08:39 UTC 2018
#@# Tessellate lh Fri Jan 12 12:10:15 UTC 2018
#@# Tessellate rh Fri Jan 12 12:10:27 UTC 2018
#@# Smooth1 lh Fri Jan 12 12:10:38 UTC 2018
#@# Smooth1 rh Fri Jan 12 12:10:47 UTC 2018
#@# Inflation1 lh Fri Jan 12 12:10:55 UTC 2018
#@# Inflation1 rh Fri Jan 12 12:11:50 UTC 2018
#@# QSphere lh Fri Jan 12 12:12:45 UTC 2018
#@# QSphere rh Fri Jan 12 12:18:37 UTC 2018
#@# Fix Topology Copy lh Fri Jan 12 12:24:59 UTC 2018
#@# Fix Topology Copy rh Fri Jan 12 12:24:59 UTC 2018
#@# Fix Topology lh Fri Jan 12 12:24:59 UTC 2018
#@# Fix Topology rh Fri Jan 12 13:35:47 UTC 2018
#@# Make White Surf lh Fri Jan 12 14:15:56 UTC 2018
#@# Make White Surf rh Fri Jan 12 14:24:35 UTC 2018
#@# Smooth2 lh Fri Jan 12 14:33:17 UTC 2018
#@# Smooth2 rh Fri Jan 12 14:33:26 UTC 2018
#@# Inflation2 lh Fri Jan 12 14:33:35 UTC 2018
#@# Inflation2 rh Fri Jan 12 14:34:30 UTC 2018
#@# Curv .H and .K lh Fri Jan 12 14:35:26 UTC 2018
#@# Curv .H and .K rh Fri Jan 12 14:37:45 UTC 2018
#@# Curvature Stats lh Fri Jan 12 14:40:04 UTC 2018
#@# Curvature Stats rh Fri Jan 12 14:40:10 UTC 2018
#@# Sphere lh Fri Jan 12 14:40:16 UTC 2018
#@# Sphere rh Fri Jan 12 16:07:30 UTC 2018
#@# Surf Reg lh Fri Jan 12 17:50:49 UTC 2018
#@# Surf Reg rh Fri Jan 12 19:42:27 UTC 2018
#@# Jacobian white lh Fri Jan 12 21:46:12 UTC 2018
#@# Jacobian white rh Fri Jan 12 21:46:17 UTC 2018
#@# AvgCurv lh Fri Jan 12 21:46:21 UTC 2018
#@# AvgCurv rh Fri Jan 12 21:46:24 UTC 2018
#@# Cortical Parc lh Fri Jan 12 21:46:29 UTC 2018
#@# Cortical Parc rh Fri Jan 12 21:47:01 UTC 2018
#@# Make Pial Surf lh Fri Jan 12 21:47:32 UTC 2018
#@# Make Pial Surf rh Fri Jan 12 22:18:20 UTC 2018
#@# Surf Volume lh Fri Jan 12 22:48:25 UTC 2018
#@# Surf Volume rh Fri Jan 12 22:48:33 UTC 2018
#@# Cortical ribbon mask Fri Jan 12 22:48:40 UTC 2018
#@# Parcellation Stats lh Fri Jan 12 23:18:14 UTC 2018
#@# Parcellation Stats rh Fri Jan 12 23:21:19 UTC 2018
#@# Cortical Parc 2 lh Fri Jan 12 23:24:21 UTC 2018
#@# Cortical Parc 2 rh Fri Jan 12 23:25:04 UTC 2018
#@# Parcellation Stats 2 lh Fri Jan 12 23:25:48 UTC 2018
#@# Parcellation Stats 2 rh Fri Jan 12 23:27:26 UTC 2018
#@# Cortical Parc 3 lh Fri Jan 12 23:29:04 UTC 2018
#@# Cortical Parc 3 rh Fri Jan 12 23:29:40 UTC 2018
#@# Parcellation Stats 3 lh Fri Jan 12 23:30:15 UTC 2018
#@# Parcellation Stats 3 rh Fri Jan 12 23:31:54 UTC 2018
#@# WM/GM Contrast lh Fri Jan 12 23:33:23 UTC 2018
#@# WM/GM Contrast rh Fri Jan 12 23:33:37 UTC 2018
#@# Relabel Hypointensities Fri Jan 12 23:33:51 UTC 2018
#@# AParc-to-ASeg aparc Fri Jan 12 23:34:48 UTC 2018
#@# AParc-to-ASeg a2009s Fri Jan 12 23:47:43 UTC 2018
#@# AParc-to-ASeg DKTatlas Sat Jan 13 00:00:46 UTC 2018
#@# APas-to-ASeg Sat Jan 13 00:13:50 UTC 2018
#@# ASeg Stats Sat Jan 13 00:14:08 UTC 2018
#@# WMParc Sat Jan 13 00:24:20 UTC 2018
#@# BA_exvivo Labels lh Sat Jan 13 00:48:21 UTC 2018
#@# BA_exvivo Labels rh Sat Jan 13 00:57:11 UTC 2018
recon-all -s 3807 finished without error at Sat Jan 13 01:06:11 UTC 2018
