status file for recon-all
Sat Jan 13 22:11:01 UTC 2018
#@# MotionCor Sat Jan 13 22:11:08 UTC 2018
#@# Talairach Sat Jan 13 22:11:27 UTC 2018
#@# Talairach Failure Detection Sat Jan 13 22:14:32 UTC 2018
#@# Nu Intensity Correction Sat Jan 13 22:14:32 UTC 2018
#@# Intensity Normalization Sat Jan 13 22:18:53 UTC 2018
#@# Skull Stripping Sat Jan 13 22:23:35 UTC 2018
#@# EM Registration Sat Jan 13 23:05:42 UTC 2018
#@# CA Normalize Sat Jan 13 23:41:19 UTC 2018
#@# CA Reg Sat Jan 13 23:44:46 UTC 2018
#@# SubCort Seg Sun Jan 14 05:06:33 UTC 2018
#@# Merge ASeg Sun Jan 14 07:50:56 UTC 2018
#@# Intensity Normalization2 Sun Jan 14 07:50:56 UTC 2018
#@# Mask BFS Sun Jan 14 07:58:41 UTC 2018
#@# WM Segmentation Sun Jan 14 07:58:47 UTC 2018
#@# Fill Sun Jan 14 08:02:49 UTC 2018
#@# Tessellate lh Sun Jan 14 08:04:48 UTC 2018
#@# Tessellate rh Sun Jan 14 08:05:02 UTC 2018
#@# Smooth1 lh Sun Jan 14 08:05:14 UTC 2018
#@# Smooth1 rh Sun Jan 14 08:05:25 UTC 2018
#@# Inflation1 lh Sun Jan 14 08:05:37 UTC 2018
#@# Inflation1 rh Sun Jan 14 08:06:42 UTC 2018
#@# QSphere lh Sun Jan 14 08:07:46 UTC 2018
#@# QSphere rh Sun Jan 14 08:15:05 UTC 2018
#@# Fix Topology Copy lh Sun Jan 14 08:21:48 UTC 2018
#@# Fix Topology Copy rh Sun Jan 14 08:21:49 UTC 2018
#@# Fix Topology lh Sun Jan 14 08:21:49 UTC 2018
#@# Fix Topology rh Sun Jan 14 09:04:23 UTC 2018
#@# Make White Surf lh Sun Jan 14 09:57:52 UTC 2018
#@# Make White Surf rh Sun Jan 14 10:08:57 UTC 2018
#@# Smooth2 lh Sun Jan 14 10:18:51 UTC 2018
#@# Smooth2 rh Sun Jan 14 10:19:03 UTC 2018
#@# Inflation2 lh Sun Jan 14 10:19:14 UTC 2018
#@# Inflation2 rh Sun Jan 14 10:20:18 UTC 2018
#@# Curv .H and .K lh Sun Jan 14 10:21:22 UTC 2018
#@# Curv .H and .K rh Sun Jan 14 10:24:02 UTC 2018
#@# Curvature Stats lh Sun Jan 14 10:26:46 UTC 2018
#@# Curvature Stats rh Sun Jan 14 10:26:53 UTC 2018
#@# Sphere lh Sun Jan 14 10:27:00 UTC 2018
#@# Sphere rh Sun Jan 14 12:01:27 UTC 2018
#@# Surf Reg lh Sun Jan 14 13:34:54 UTC 2018
#@# Surf Reg rh Sun Jan 14 15:14:27 UTC 2018
#@# Jacobian white lh Sun Jan 14 16:46:29 UTC 2018
#@# Jacobian white rh Sun Jan 14 16:46:34 UTC 2018
#@# AvgCurv lh Sun Jan 14 16:46:37 UTC 2018
#@# AvgCurv rh Sun Jan 14 16:46:40 UTC 2018
#@# Cortical Parc lh Sun Jan 14 16:46:44 UTC 2018
#@# Cortical Parc rh Sun Jan 14 16:47:13 UTC 2018
#@# Make Pial Surf lh Sun Jan 14 16:47:42 UTC 2018
#@# Make Pial Surf rh Sun Jan 14 17:15:45 UTC 2018
#@# Surf Volume lh Sun Jan 14 17:43:38 UTC 2018
#@# Surf Volume rh Sun Jan 14 17:43:45 UTC 2018
#@# Cortical ribbon mask Sun Jan 14 17:43:51 UTC 2018
#@# Parcellation Stats lh Sun Jan 14 18:06:21 UTC 2018
#@# Parcellation Stats rh Sun Jan 14 18:08:21 UTC 2018
#@# Cortical Parc 2 lh Sun Jan 14 18:10:20 UTC 2018
#@# Cortical Parc 2 rh Sun Jan 14 18:10:47 UTC 2018
#@# Parcellation Stats 2 lh Sun Jan 14 18:11:14 UTC 2018
#@# Parcellation Stats 2 rh Sun Jan 14 18:12:16 UTC 2018
#@# Cortical Parc 3 lh Sun Jan 14 18:13:17 UTC 2018
#@# Cortical Parc 3 rh Sun Jan 14 18:13:38 UTC 2018
#@# Parcellation Stats 3 lh Sun Jan 14 18:13:59 UTC 2018
#@# Parcellation Stats 3 rh Sun Jan 14 18:14:59 UTC 2018
#@# WM/GM Contrast lh Sun Jan 14 18:15:59 UTC 2018
#@# WM/GM Contrast rh Sun Jan 14 18:16:08 UTC 2018
#@# Relabel Hypointensities Sun Jan 14 18:16:17 UTC 2018
#@# AParc-to-ASeg aparc Sun Jan 14 18:16:48 UTC 2018
#@# AParc-to-ASeg a2009s Sun Jan 14 18:24:14 UTC 2018
#@# AParc-to-ASeg DKTatlas Sun Jan 14 18:31:51 UTC 2018
#@# APas-to-ASeg Sun Jan 14 18:39:17 UTC 2018
#@# ASeg Stats Sun Jan 14 18:39:28 UTC 2018
#@# WMParc Sun Jan 14 18:46:50 UTC 2018
#@# BA_exvivo Labels lh Sun Jan 14 19:02:19 UTC 2018
#@# BA_exvivo Labels rh Sun Jan 14 19:09:32 UTC 2018
recon-all -s 3953 finished without error at Sun Jan 14 19:16:37 UTC 2018
