status file for recon-all
Tue Jan 16 21:24:21 UTC 2018
#@# MotionCor Tue Jan 16 21:24:27 UTC 2018
#@# Talairach Tue Jan 16 21:24:45 UTC 2018
#@# Talairach Failure Detection Tue Jan 16 21:27:49 UTC 2018
#@# Nu Intensity Correction Tue Jan 16 21:27:49 UTC 2018
#@# Intensity Normalization Tue Jan 16 21:31:51 UTC 2018
#@# Skull Stripping Tue Jan 16 21:35:40 UTC 2018
#@# EM Registration Tue Jan 16 22:09:09 UTC 2018
#@# CA Normalize Tue Jan 16 22:32:25 UTC 2018
#@# CA Reg Tue Jan 16 22:35:20 UTC 2018
#@# SubCort Seg Wed Jan 17 03:41:07 UTC 2018
#@# Merge ASeg Wed Jan 17 05:28:47 UTC 2018
#@# Intensity Normalization2 Wed Jan 17 05:28:47 UTC 2018
#@# Mask BFS Wed Jan 17 05:35:22 UTC 2018
#@# WM Segmentation Wed Jan 17 05:35:25 UTC 2018
#@# Fill Wed Jan 17 05:39:10 UTC 2018
#@# Tessellate lh Wed Jan 17 05:40:41 UTC 2018
#@# Tessellate rh Wed Jan 17 05:40:53 UTC 2018
#@# Smooth1 lh Wed Jan 17 05:41:04 UTC 2018
#@# Smooth1 rh Wed Jan 17 05:41:14 UTC 2018
#@# Inflation1 lh Wed Jan 17 05:41:26 UTC 2018
#@# Inflation1 rh Wed Jan 17 05:42:25 UTC 2018
#@# QSphere lh Wed Jan 17 05:43:26 UTC 2018
#@# QSphere rh Wed Jan 17 05:49:43 UTC 2018
#@# Fix Topology Copy lh Wed Jan 17 05:56:24 UTC 2018
#@# Fix Topology Copy rh Wed Jan 17 05:56:24 UTC 2018
#@# Fix Topology lh Wed Jan 17 05:56:24 UTC 2018
#@# Fix Topology rh Wed Jan 17 06:27:35 UTC 2018
#@# Make White Surf lh Wed Jan 17 07:21:57 UTC 2018
#@# Make White Surf rh Wed Jan 17 07:30:58 UTC 2018
#@# Smooth2 lh Wed Jan 17 07:39:44 UTC 2018
#@# Smooth2 rh Wed Jan 17 07:39:53 UTC 2018
#@# Inflation2 lh Wed Jan 17 07:40:02 UTC 2018
#@# Inflation2 rh Wed Jan 17 07:41:02 UTC 2018
#@# Curv .H and .K lh Wed Jan 17 07:42:01 UTC 2018
#@# Curv .H and .K rh Wed Jan 17 07:44:33 UTC 2018
#@# Curvature Stats lh Wed Jan 17 07:47:09 UTC 2018
#@# Curvature Stats rh Wed Jan 17 07:47:15 UTC 2018
#@# Sphere lh Wed Jan 17 07:47:22 UTC 2018
#@# Sphere rh Wed Jan 17 09:13:03 UTC 2018
#@# Surf Reg lh Wed Jan 17 10:35:07 UTC 2018
#@# Surf Reg rh Wed Jan 17 12:11:56 UTC 2018
#@# Jacobian white lh Wed Jan 17 13:53:45 UTC 2018
#@# Jacobian white rh Wed Jan 17 13:53:49 UTC 2018
#@# AvgCurv lh Wed Jan 17 13:53:53 UTC 2018
#@# AvgCurv rh Wed Jan 17 13:53:56 UTC 2018
#@# Cortical Parc lh Wed Jan 17 13:53:59 UTC 2018
#@# Cortical Parc rh Wed Jan 17 13:54:27 UTC 2018
#@# Make Pial Surf lh Wed Jan 17 13:54:55 UTC 2018
#@# Make Pial Surf rh Wed Jan 17 14:20:51 UTC 2018
#@# Surf Volume lh Wed Jan 17 14:45:48 UTC 2018
#@# Surf Volume rh Wed Jan 17 14:45:54 UTC 2018
#@# Cortical ribbon mask Wed Jan 17 14:45:59 UTC 2018
#@# Parcellation Stats lh Wed Jan 17 15:15:43 UTC 2018
#@# Parcellation Stats rh Wed Jan 17 15:18:04 UTC 2018
#@# Cortical Parc 2 lh Wed Jan 17 15:20:28 UTC 2018
#@# Cortical Parc 2 rh Wed Jan 17 15:21:01 UTC 2018
#@# Parcellation Stats 2 lh Wed Jan 17 15:21:34 UTC 2018
#@# Parcellation Stats 2 rh Wed Jan 17 15:22:46 UTC 2018
#@# Cortical Parc 3 lh Wed Jan 17 15:24:00 UTC 2018
#@# Cortical Parc 3 rh Wed Jan 17 15:24:25 UTC 2018
#@# Parcellation Stats 3 lh Wed Jan 17 15:24:51 UTC 2018
#@# Parcellation Stats 3 rh Wed Jan 17 15:26:01 UTC 2018
#@# WM/GM Contrast lh Wed Jan 17 15:27:14 UTC 2018
#@# WM/GM Contrast rh Wed Jan 17 15:27:26 UTC 2018
#@# Relabel Hypointensities Wed Jan 17 15:27:37 UTC 2018
#@# AParc-to-ASeg aparc Wed Jan 17 15:28:23 UTC 2018
#@# AParc-to-ASeg a2009s Wed Jan 17 15:36:31 UTC 2018
#@# AParc-to-ASeg DKTatlas Wed Jan 17 15:44:43 UTC 2018
#@# APas-to-ASeg Wed Jan 17 15:52:48 UTC 2018
#@# ASeg Stats Wed Jan 17 15:53:00 UTC 2018
#@# WMParc Wed Jan 17 16:00:58 UTC 2018
#@# BA_exvivo Labels lh Wed Jan 17 16:18:50 UTC 2018
#@# BA_exvivo Labels rh Wed Jan 17 16:27:06 UTC 2018
recon-all -s 4136 finished without error at Wed Jan 17 16:35:17 UTC 2018
