status file for recon-all
Sat Jan 13 22:10:34 UTC 2018
#@# MotionCor Sat Jan 13 22:10:39 UTC 2018
#@# Talairach Sat Jan 13 22:10:56 UTC 2018
#@# Talairach Failure Detection Sat Jan 13 22:13:58 UTC 2018
#@# Nu Intensity Correction Sat Jan 13 22:13:58 UTC 2018
#@# Intensity Normalization Sat Jan 13 22:18:10 UTC 2018
#@# Skull Stripping Sat Jan 13 22:22:49 UTC 2018
#@# EM Registration Sat Jan 13 22:59:17 UTC 2018
#@# CA Normalize Sat Jan 13 23:34:02 UTC 2018
#@# CA Reg Sat Jan 13 23:37:16 UTC 2018
#@# SubCort Seg Sun Jan 14 05:32:05 UTC 2018
#@# Merge ASeg Sun Jan 14 08:21:20 UTC 2018
#@# Intensity Normalization2 Sun Jan 14 08:21:21 UTC 2018
#@# Mask BFS Sun Jan 14 08:29:06 UTC 2018
#@# WM Segmentation Sun Jan 14 08:29:12 UTC 2018
#@# Fill Sun Jan 14 08:33:17 UTC 2018
#@# Tessellate lh Sun Jan 14 08:35:18 UTC 2018
#@# Tessellate rh Sun Jan 14 08:35:32 UTC 2018
#@# Smooth1 lh Sun Jan 14 08:35:45 UTC 2018
#@# Smooth1 rh Sun Jan 14 08:35:56 UTC 2018
#@# Inflation1 lh Sun Jan 14 08:36:08 UTC 2018
#@# Inflation1 rh Sun Jan 14 08:37:11 UTC 2018
#@# QSphere lh Sun Jan 14 08:38:16 UTC 2018
#@# QSphere rh Sun Jan 14 08:45:06 UTC 2018
#@# Fix Topology Copy lh Sun Jan 14 08:51:45 UTC 2018
#@# Fix Topology Copy rh Sun Jan 14 08:51:45 UTC 2018
#@# Fix Topology lh Sun Jan 14 08:51:46 UTC 2018
#@# Fix Topology rh Sun Jan 14 09:31:53 UTC 2018
#@# Make White Surf lh Sun Jan 14 10:40:16 UTC 2018
#@# Make White Surf rh Sun Jan 14 10:50:30 UTC 2018
#@# Smooth2 lh Sun Jan 14 11:01:02 UTC 2018
#@# Smooth2 rh Sun Jan 14 11:01:13 UTC 2018
#@# Inflation2 lh Sun Jan 14 11:01:24 UTC 2018
#@# Inflation2 rh Sun Jan 14 11:02:26 UTC 2018
#@# Curv .H and .K lh Sun Jan 14 11:03:30 UTC 2018
#@# Curv .H and .K rh Sun Jan 14 11:06:06 UTC 2018
#@# Curvature Stats lh Sun Jan 14 11:08:51 UTC 2018
#@# Curvature Stats rh Sun Jan 14 11:08:59 UTC 2018
#@# Sphere lh Sun Jan 14 11:09:07 UTC 2018
#@# Sphere rh Sun Jan 14 12:42:12 UTC 2018
#@# Surf Reg lh Sun Jan 14 13:39:26 UTC 2018
#@# Surf Reg rh Sun Jan 14 15:38:35 UTC 2018
#@# Jacobian white lh Sun Jan 14 17:10:48 UTC 2018
#@# Jacobian white rh Sun Jan 14 17:10:51 UTC 2018
#@# AvgCurv lh Sun Jan 14 17:10:55 UTC 2018
#@# AvgCurv rh Sun Jan 14 17:10:59 UTC 2018
#@# Cortical Parc lh Sun Jan 14 17:11:02 UTC 2018
#@# Cortical Parc rh Sun Jan 14 17:11:31 UTC 2018
#@# Make Pial Surf lh Sun Jan 14 17:12:00 UTC 2018
#@# Make Pial Surf rh Sun Jan 14 17:38:30 UTC 2018
#@# Surf Volume lh Sun Jan 14 18:02:06 UTC 2018
#@# Surf Volume rh Sun Jan 14 18:02:10 UTC 2018
#@# Cortical ribbon mask Sun Jan 14 18:02:15 UTC 2018
#@# Parcellation Stats lh Sun Jan 14 18:23:04 UTC 2018
#@# Parcellation Stats rh Sun Jan 14 18:24:58 UTC 2018
#@# Cortical Parc 2 lh Sun Jan 14 18:26:53 UTC 2018
#@# Cortical Parc 2 rh Sun Jan 14 18:27:20 UTC 2018
#@# Parcellation Stats 2 lh Sun Jan 14 18:27:45 UTC 2018
#@# Parcellation Stats 2 rh Sun Jan 14 18:28:46 UTC 2018
#@# Cortical Parc 3 lh Sun Jan 14 18:29:47 UTC 2018
#@# Cortical Parc 3 rh Sun Jan 14 18:30:09 UTC 2018
#@# Parcellation Stats 3 lh Sun Jan 14 18:30:30 UTC 2018
#@# Parcellation Stats 3 rh Sun Jan 14 18:31:30 UTC 2018
#@# WM/GM Contrast lh Sun Jan 14 18:32:29 UTC 2018
#@# WM/GM Contrast rh Sun Jan 14 18:32:38 UTC 2018
#@# Relabel Hypointensities Sun Jan 14 18:32:46 UTC 2018
#@# AParc-to-ASeg aparc Sun Jan 14 18:33:19 UTC 2018
#@# AParc-to-ASeg a2009s Sun Jan 14 18:41:20 UTC 2018
#@# AParc-to-ASeg DKTatlas Sun Jan 14 18:49:27 UTC 2018
#@# APas-to-ASeg Sun Jan 14 18:57:33 UTC 2018
#@# ASeg Stats Sun Jan 14 18:57:44 UTC 2018
#@# WMParc Sun Jan 14 19:03:00 UTC 2018
#@# BA_exvivo Labels lh Sun Jan 14 19:18:30 UTC 2018
#@# BA_exvivo Labels rh Sun Jan 14 19:25:28 UTC 2018
recon-all -s 3951 finished without error at Sun Jan 14 19:32:31 UTC 2018
