status file for recon-all
Sun Dec 31 21:16:27 UTC 2017
#@# MotionCor Sun Dec 31 21:16:33 UTC 2017
#@# Talairach Sun Dec 31 21:16:50 UTC 2017
#@# Talairach Failure Detection Sun Dec 31 21:19:53 UTC 2017
#@# Nu Intensity Correction Sun Dec 31 21:19:53 UTC 2017
#@# Intensity Normalization Sun Dec 31 21:23:42 UTC 2017
#@# Skull Stripping Sun Dec 31 21:27:23 UTC 2017
#@# EM Registration Sun Dec 31 22:00:30 UTC 2017
#@# CA Normalize Sun Dec 31 22:25:02 UTC 2017
#@# CA Reg Sun Dec 31 22:27:47 UTC 2017
#@# SubCort Seg Mon Jan  1 03:50:05 UTC 2018
#@# Merge ASeg Mon Jan  1 05:32:44 UTC 2018
#@# Intensity Normalization2 Mon Jan  1 05:32:44 UTC 2018
#@# Mask BFS Mon Jan  1 05:39:05 UTC 2018
#@# WM Segmentation Mon Jan  1 05:39:09 UTC 2018
#@# Fill Mon Jan  1 05:43:05 UTC 2018
#@# Tessellate lh Mon Jan  1 05:44:33 UTC 2018
#@# Tessellate rh Mon Jan  1 05:44:44 UTC 2018
#@# Smooth1 lh Mon Jan  1 05:44:56 UTC 2018
#@# Smooth1 rh Mon Jan  1 05:45:05 UTC 2018
#@# Inflation1 lh Mon Jan  1 05:45:14 UTC 2018
#@# Inflation1 rh Mon Jan  1 05:46:10 UTC 2018
#@# QSphere lh Mon Jan  1 05:47:04 UTC 2018
#@# QSphere rh Mon Jan  1 05:52:54 UTC 2018
#@# Fix Topology Copy lh Mon Jan  1 05:59:06 UTC 2018
#@# Fix Topology Copy rh Mon Jan  1 05:59:06 UTC 2018
#@# Fix Topology lh Mon Jan  1 05:59:06 UTC 2018
#@# Fix Topology rh Mon Jan  1 07:04:54 UTC 2018
#@# Make White Surf lh Mon Jan  1 08:02:32 UTC 2018
#@# Make White Surf rh Mon Jan  1 08:11:02 UTC 2018
#@# Smooth2 lh Mon Jan  1 08:19:48 UTC 2018
#@# Smooth2 rh Mon Jan  1 08:19:57 UTC 2018
#@# Inflation2 lh Mon Jan  1 08:20:06 UTC 2018
#@# Inflation2 rh Mon Jan  1 08:21:02 UTC 2018
#@# Curv .H and .K lh Mon Jan  1 08:21:57 UTC 2018
#@# Curv .H and .K rh Mon Jan  1 08:24:27 UTC 2018
#@# Curvature Stats lh Mon Jan  1 08:26:49 UTC 2018
#@# Curvature Stats rh Mon Jan  1 08:26:56 UTC 2018
#@# Sphere lh Mon Jan  1 08:27:03 UTC 2018
#@# Sphere rh Mon Jan  1 09:47:58 UTC 2018
#@# Surf Reg lh Mon Jan  1 11:42:59 UTC 2018
#@# Surf Reg rh Mon Jan  1 13:03:57 UTC 2018
#@# Jacobian white lh Mon Jan  1 14:40:13 UTC 2018
#@# Jacobian white rh Mon Jan  1 14:40:17 UTC 2018
#@# AvgCurv lh Mon Jan  1 14:40:20 UTC 2018
#@# AvgCurv rh Mon Jan  1 14:40:23 UTC 2018
#@# Cortical Parc lh Mon Jan  1 14:40:26 UTC 2018
#@# Cortical Parc rh Mon Jan  1 14:40:52 UTC 2018
#@# Make Pial Surf lh Mon Jan  1 14:41:19 UTC 2018
#@# Make Pial Surf rh Mon Jan  1 15:05:57 UTC 2018
#@# Surf Volume lh Mon Jan  1 15:30:11 UTC 2018
#@# Surf Volume rh Mon Jan  1 15:30:16 UTC 2018
#@# Cortical ribbon mask Mon Jan  1 15:30:22 UTC 2018
#@# Parcellation Stats lh Mon Jan  1 15:53:22 UTC 2018
#@# Parcellation Stats rh Mon Jan  1 15:55:40 UTC 2018
#@# Cortical Parc 2 lh Mon Jan  1 15:57:59 UTC 2018
#@# Cortical Parc 2 rh Mon Jan  1 15:58:30 UTC 2018
#@# Parcellation Stats 2 lh Mon Jan  1 15:59:00 UTC 2018
#@# Parcellation Stats 2 rh Mon Jan  1 16:00:12 UTC 2018
#@# Cortical Parc 3 lh Mon Jan  1 16:01:25 UTC 2018
#@# Cortical Parc 3 rh Mon Jan  1 16:01:48 UTC 2018
#@# Parcellation Stats 3 lh Mon Jan  1 16:02:12 UTC 2018
#@# Parcellation Stats 3 rh Mon Jan  1 16:03:17 UTC 2018
#@# WM/GM Contrast lh Mon Jan  1 16:04:21 UTC 2018
#@# WM/GM Contrast rh Mon Jan  1 16:04:32 UTC 2018
#@# Relabel Hypointensities Mon Jan  1 16:04:41 UTC 2018
#@# AParc-to-ASeg aparc Mon Jan  1 16:05:20 UTC 2018
#@# AParc-to-ASeg a2009s Mon Jan  1 16:12:51 UTC 2018
#@# AParc-to-ASeg DKTatlas Mon Jan  1 16:20:23 UTC 2018
#@# APas-to-ASeg Mon Jan  1 16:27:53 UTC 2018
#@# ASeg Stats Mon Jan  1 16:28:04 UTC 2018
#@# WMParc Mon Jan  1 16:35:17 UTC 2018
#@# BA_exvivo Labels lh Mon Jan  1 16:52:13 UTC 2018
#@# BA_exvivo Labels rh Mon Jan  1 17:00:23 UTC 2018
recon-all -s 3171 finished without error at Mon Jan  1 17:08:32 UTC 2018
