status file for recon-all
Mon Jan 15 18:38:53 UTC 2018
#@# MotionCor Mon Jan 15 18:39:01 UTC 2018
#@# Talairach Mon Jan 15 18:39:25 UTC 2018
#@# Talairach Failure Detection Mon Jan 15 18:42:39 UTC 2018
#@# Nu Intensity Correction Mon Jan 15 18:42:39 UTC 2018
#@# Intensity Normalization Mon Jan 15 18:46:52 UTC 2018
#@# Skull Stripping Mon Jan 15 18:51:34 UTC 2018
#@# EM Registration Mon Jan 15 19:28:47 UTC 2018
#@# CA Normalize Mon Jan 15 20:02:33 UTC 2018
#@# CA Reg Mon Jan 15 20:05:56 UTC 2018
#@# SubCort Seg Tue Jan 16 01:28:49 UTC 2018
#@# Merge ASeg Tue Jan 16 03:36:59 UTC 2018
#@# Intensity Normalization2 Tue Jan 16 03:36:59 UTC 2018
#@# Mask BFS Tue Jan 16 03:44:42 UTC 2018
#@# WM Segmentation Tue Jan 16 03:44:47 UTC 2018
#@# Fill Tue Jan 16 03:49:13 UTC 2018
#@# Tessellate lh Tue Jan 16 03:51:09 UTC 2018
#@# Tessellate rh Tue Jan 16 03:51:23 UTC 2018
#@# Smooth1 lh Tue Jan 16 03:51:36 UTC 2018
#@# Smooth1 rh Tue Jan 16 03:51:47 UTC 2018
#@# Inflation1 lh Tue Jan 16 03:51:57 UTC 2018
#@# Inflation1 rh Tue Jan 16 03:52:59 UTC 2018
#@# QSphere lh Tue Jan 16 03:53:58 UTC 2018
#@# QSphere rh Tue Jan 16 04:00:44 UTC 2018
#@# Fix Topology Copy lh Tue Jan 16 04:07:49 UTC 2018
#@# Fix Topology Copy rh Tue Jan 16 04:07:49 UTC 2018
#@# Fix Topology lh Tue Jan 16 04:07:50 UTC 2018
#@# Fix Topology rh Tue Jan 16 04:49:23 UTC 2018
#@# Make White Surf lh Tue Jan 16 05:27:34 UTC 2018
#@# Make White Surf rh Tue Jan 16 05:37:19 UTC 2018
#@# Smooth2 lh Tue Jan 16 05:46:37 UTC 2018
#@# Smooth2 rh Tue Jan 16 05:46:48 UTC 2018
#@# Inflation2 lh Tue Jan 16 05:46:56 UTC 2018
#@# Inflation2 rh Tue Jan 16 05:47:54 UTC 2018
#@# Curv .H and .K lh Tue Jan 16 05:48:53 UTC 2018
#@# Curv .H and .K rh Tue Jan 16 05:51:23 UTC 2018
#@# Curvature Stats lh Tue Jan 16 05:53:54 UTC 2018
#@# Curvature Stats rh Tue Jan 16 05:54:01 UTC 2018
#@# Sphere lh Tue Jan 16 05:54:08 UTC 2018
#@# Sphere rh Tue Jan 16 07:11:42 UTC 2018
#@# Surf Reg lh Tue Jan 16 09:44:49 UTC 2018
#@# Surf Reg rh Tue Jan 16 10:58:16 UTC 2018
#@# Jacobian white lh Tue Jan 16 12:38:21 UTC 2018
#@# Jacobian white rh Tue Jan 16 12:38:25 UTC 2018
#@# AvgCurv lh Tue Jan 16 12:38:29 UTC 2018
#@# AvgCurv rh Tue Jan 16 12:38:32 UTC 2018
#@# Cortical Parc lh Tue Jan 16 12:38:35 UTC 2018
#@# Cortical Parc rh Tue Jan 16 12:39:01 UTC 2018
#@# Make Pial Surf lh Tue Jan 16 12:39:28 UTC 2018
#@# Make Pial Surf rh Tue Jan 16 13:05:51 UTC 2018
#@# Surf Volume lh Tue Jan 16 13:31:51 UTC 2018
#@# Surf Volume rh Tue Jan 16 13:31:57 UTC 2018
#@# Cortical ribbon mask Tue Jan 16 13:32:03 UTC 2018
#@# Parcellation Stats lh Tue Jan 16 13:53:39 UTC 2018
#@# Parcellation Stats rh Tue Jan 16 13:56:15 UTC 2018
#@# Cortical Parc 2 lh Tue Jan 16 13:58:50 UTC 2018
#@# Cortical Parc 2 rh Tue Jan 16 13:59:26 UTC 2018
#@# Parcellation Stats 2 lh Tue Jan 16 14:00:01 UTC 2018
#@# Parcellation Stats 2 rh Tue Jan 16 14:01:24 UTC 2018
#@# Cortical Parc 3 lh Tue Jan 16 14:02:44 UTC 2018
#@# Cortical Parc 3 rh Tue Jan 16 14:03:12 UTC 2018
#@# Parcellation Stats 3 lh Tue Jan 16 14:03:43 UTC 2018
#@# Parcellation Stats 3 rh Tue Jan 16 14:04:57 UTC 2018
#@# WM/GM Contrast lh Tue Jan 16 14:06:14 UTC 2018
#@# WM/GM Contrast rh Tue Jan 16 14:06:28 UTC 2018
#@# Relabel Hypointensities Tue Jan 16 14:06:41 UTC 2018
#@# AParc-to-ASeg aparc Tue Jan 16 14:07:32 UTC 2018
#@# AParc-to-ASeg a2009s Tue Jan 16 14:16:50 UTC 2018
#@# AParc-to-ASeg DKTatlas Tue Jan 16 14:25:43 UTC 2018
#@# APas-to-ASeg Tue Jan 16 14:34:32 UTC 2018
#@# ASeg Stats Tue Jan 16 14:34:46 UTC 2018
#@# WMParc Tue Jan 16 14:44:03 UTC 2018
#@# BA_exvivo Labels lh Tue Jan 16 15:04:45 UTC 2018
#@# BA_exvivo Labels rh Tue Jan 16 15:14:27 UTC 2018
recon-all -s 4075 finished without error at Tue Jan 16 15:22:15 UTC 2018
