status file for recon-all
Fri Jan 19 07:32:49 UTC 2018
#@# MotionCor Fri Jan 19 07:32:54 UTC 2018
#@# Talairach Fri Jan 19 07:33:11 UTC 2018
#@# Talairach Failure Detection Fri Jan 19 07:36:11 UTC 2018
#@# Nu Intensity Correction Fri Jan 19 07:36:11 UTC 2018
#@# Intensity Normalization Fri Jan 19 07:39:51 UTC 2018
#@# Skull Stripping Fri Jan 19 07:44:08 UTC 2018
#@# EM Registration Fri Jan 19 08:18:16 UTC 2018
#@# CA Normalize Fri Jan 19 08:43:44 UTC 2018
#@# CA Reg Fri Jan 19 08:46:43 UTC 2018
#@# SubCort Seg Fri Jan 19 13:55:17 UTC 2018
#@# Merge ASeg Fri Jan 19 15:45:31 UTC 2018
#@# Intensity Normalization2 Fri Jan 19 15:45:31 UTC 2018
#@# Mask BFS Fri Jan 19 15:52:09 UTC 2018
#@# WM Segmentation Fri Jan 19 15:52:13 UTC 2018
#@# Fill Fri Jan 19 15:56:32 UTC 2018
#@# Tessellate lh Fri Jan 19 15:58:03 UTC 2018
#@# Tessellate rh Fri Jan 19 15:58:15 UTC 2018
#@# Smooth1 lh Fri Jan 19 15:58:27 UTC 2018
#@# Smooth1 rh Fri Jan 19 15:58:36 UTC 2018
#@# Inflation1 lh Fri Jan 19 15:58:46 UTC 2018
#@# Inflation1 rh Fri Jan 19 15:59:45 UTC 2018
#@# QSphere lh Fri Jan 19 16:00:43 UTC 2018
#@# QSphere rh Fri Jan 19 16:06:44 UTC 2018
#@# Fix Topology Copy lh Fri Jan 19 16:13:04 UTC 2018
#@# Fix Topology Copy rh Fri Jan 19 16:13:04 UTC 2018
#@# Fix Topology lh Fri Jan 19 16:13:04 UTC 2018
#@# Fix Topology rh Fri Jan 19 17:46:45 UTC 2018
#@# Make White Surf lh Fri Jan 19 19:07:11 UTC 2018
#@# Make White Surf rh Fri Jan 19 19:15:03 UTC 2018
#@# Smooth2 lh Fri Jan 19 19:23:47 UTC 2018
#@# Smooth2 rh Fri Jan 19 19:23:57 UTC 2018
#@# Inflation2 lh Fri Jan 19 19:24:06 UTC 2018
#@# Inflation2 rh Fri Jan 19 19:25:03 UTC 2018
#@# Curv .H and .K lh Fri Jan 19 19:25:56 UTC 2018
#@# Curv .H and .K rh Fri Jan 19 19:28:13 UTC 2018
#@# Curvature Stats lh Fri Jan 19 19:30:43 UTC 2018
#@# Curvature Stats rh Fri Jan 19 19:30:51 UTC 2018
#@# Sphere lh Fri Jan 19 19:30:57 UTC 2018
#@# Sphere rh Fri Jan 19 21:08:14 UTC 2018
#@# Surf Reg lh Fri Jan 19 23:04:42 UTC 2018
#@# Surf Reg rh Sat Jan 20 00:32:57 UTC 2018
#@# Jacobian white lh Sat Jan 20 01:58:50 UTC 2018
#@# Jacobian white rh Sat Jan 20 01:58:54 UTC 2018
#@# AvgCurv lh Sat Jan 20 01:58:57 UTC 2018
#@# AvgCurv rh Sat Jan 20 01:59:00 UTC 2018
#@# Cortical Parc lh Sat Jan 20 01:59:03 UTC 2018
#@# Cortical Parc rh Sat Jan 20 01:59:28 UTC 2018
#@# Make Pial Surf lh Sat Jan 20 01:59:54 UTC 2018
#@# Make Pial Surf rh Sat Jan 20 02:25:33 UTC 2018
#@# Surf Volume lh Sat Jan 20 02:49:34 UTC 2018
#@# Surf Volume rh Sat Jan 20 02:49:39 UTC 2018
#@# Cortical ribbon mask Sat Jan 20 02:49:44 UTC 2018
#@# Parcellation Stats lh Sat Jan 20 03:10:04 UTC 2018
#@# Parcellation Stats rh Sat Jan 20 03:12:16 UTC 2018
#@# Cortical Parc 2 lh Sat Jan 20 03:14:28 UTC 2018
#@# Cortical Parc 2 rh Sat Jan 20 03:14:56 UTC 2018
#@# Parcellation Stats 2 lh Sat Jan 20 03:15:24 UTC 2018
#@# Parcellation Stats 2 rh Sat Jan 20 03:16:29 UTC 2018
#@# Cortical Parc 3 lh Sat Jan 20 03:17:36 UTC 2018
#@# Cortical Parc 3 rh Sat Jan 20 03:17:58 UTC 2018
#@# Parcellation Stats 3 lh Sat Jan 20 03:18:19 UTC 2018
#@# Parcellation Stats 3 rh Sat Jan 20 03:19:22 UTC 2018
#@# WM/GM Contrast lh Sat Jan 20 03:20:27 UTC 2018
#@# WM/GM Contrast rh Sat Jan 20 03:20:37 UTC 2018
#@# Relabel Hypointensities Sat Jan 20 03:20:46 UTC 2018
#@# AParc-to-ASeg aparc Sat Jan 20 03:21:23 UTC 2018
#@# AParc-to-ASeg a2009s Sat Jan 20 03:28:32 UTC 2018
#@# AParc-to-ASeg DKTatlas Sat Jan 20 03:35:41 UTC 2018
#@# APas-to-ASeg Sat Jan 20 03:42:51 UTC 2018
#@# ASeg Stats Sat Jan 20 03:43:02 UTC 2018
#@# WMParc Sat Jan 20 03:48:20 UTC 2018
#@# BA_exvivo Labels lh Sat Jan 20 04:03:45 UTC 2018
#@# BA_exvivo Labels rh Sat Jan 20 04:11:22 UTC 2018
recon-all -s 3588 finished without error at Sat Jan 20 04:19:04 UTC 2018
