status file for recon-all
Sat Jan 13 22:10:48 UTC 2018
#@# MotionCor Sat Jan 13 22:10:54 UTC 2018
#@# Talairach Sat Jan 13 22:11:12 UTC 2018
#@# Talairach Failure Detection Sat Jan 13 22:14:17 UTC 2018
#@# Nu Intensity Correction Sat Jan 13 22:14:17 UTC 2018
#@# Intensity Normalization Sat Jan 13 22:18:36 UTC 2018
#@# Skull Stripping Sat Jan 13 22:23:37 UTC 2018
#@# EM Registration Sat Jan 13 23:11:51 UTC 2018
#@# CA Normalize Sat Jan 13 23:42:05 UTC 2018
#@# CA Reg Sat Jan 13 23:45:23 UTC 2018
#@# SubCort Seg Sun Jan 14 05:33:51 UTC 2018
#@# Merge ASeg Sun Jan 14 08:03:29 UTC 2018
#@# Intensity Normalization2 Sun Jan 14 08:03:29 UTC 2018
#@# Mask BFS Sun Jan 14 08:11:21 UTC 2018
#@# WM Segmentation Sun Jan 14 08:11:25 UTC 2018
#@# Fill Sun Jan 14 08:15:36 UTC 2018
#@# Tessellate lh Sun Jan 14 08:17:36 UTC 2018
#@# Tessellate rh Sun Jan 14 08:17:51 UTC 2018
#@# Smooth1 lh Sun Jan 14 08:18:05 UTC 2018
#@# Smooth1 rh Sun Jan 14 08:18:15 UTC 2018
#@# Inflation1 lh Sun Jan 14 08:18:24 UTC 2018
#@# Inflation1 rh Sun Jan 14 08:19:29 UTC 2018
#@# QSphere lh Sun Jan 14 08:20:32 UTC 2018
#@# QSphere rh Sun Jan 14 08:26:42 UTC 2018
#@# Fix Topology Copy lh Sun Jan 14 08:33:08 UTC 2018
#@# Fix Topology Copy rh Sun Jan 14 08:33:08 UTC 2018
#@# Fix Topology lh Sun Jan 14 08:33:08 UTC 2018
#@# Fix Topology rh Sun Jan 14 09:44:18 UTC 2018
#@# Make White Surf lh Sun Jan 14 10:46:34 UTC 2018
#@# Make White Surf rh Sun Jan 14 10:56:29 UTC 2018
#@# Smooth2 lh Sun Jan 14 11:06:29 UTC 2018
#@# Smooth2 rh Sun Jan 14 11:06:39 UTC 2018
#@# Inflation2 lh Sun Jan 14 11:06:50 UTC 2018
#@# Inflation2 rh Sun Jan 14 11:07:52 UTC 2018
#@# Curv .H and .K lh Sun Jan 14 11:08:53 UTC 2018
#@# Curv .H and .K rh Sun Jan 14 11:11:31 UTC 2018
#@# Curvature Stats lh Sun Jan 14 11:14:05 UTC 2018
#@# Curvature Stats rh Sun Jan 14 11:14:12 UTC 2018
#@# Sphere lh Sun Jan 14 11:14:19 UTC 2018
#@# Sphere rh Sun Jan 14 12:50:30 UTC 2018
#@# Surf Reg lh Sun Jan 14 14:38:21 UTC 2018
#@# Surf Reg rh Sun Jan 14 16:05:49 UTC 2018
#@# Jacobian white lh Sun Jan 14 17:57:48 UTC 2018
#@# Jacobian white rh Sun Jan 14 17:57:50 UTC 2018
#@# AvgCurv lh Sun Jan 14 17:57:53 UTC 2018
#@# AvgCurv rh Sun Jan 14 17:57:55 UTC 2018
#@# Cortical Parc lh Sun Jan 14 17:57:57 UTC 2018
#@# Cortical Parc rh Sun Jan 14 17:58:17 UTC 2018
#@# Make Pial Surf lh Sun Jan 14 17:58:36 UTC 2018
#@# Make Pial Surf rh Sun Jan 14 18:18:28 UTC 2018
#@# Surf Volume lh Sun Jan 14 18:38:10 UTC 2018
#@# Surf Volume rh Sun Jan 14 18:38:14 UTC 2018
#@# Cortical ribbon mask Sun Jan 14 18:38:19 UTC 2018
#@# Parcellation Stats lh Sun Jan 14 18:57:05 UTC 2018
#@# Parcellation Stats rh Sun Jan 14 18:59:03 UTC 2018
#@# Cortical Parc 2 lh Sun Jan 14 19:01:03 UTC 2018
#@# Cortical Parc 2 rh Sun Jan 14 19:01:29 UTC 2018
#@# Parcellation Stats 2 lh Sun Jan 14 19:01:55 UTC 2018
#@# Parcellation Stats 2 rh Sun Jan 14 19:02:56 UTC 2018
#@# Cortical Parc 3 lh Sun Jan 14 19:03:56 UTC 2018
#@# Cortical Parc 3 rh Sun Jan 14 19:04:16 UTC 2018
#@# Parcellation Stats 3 lh Sun Jan 14 19:04:37 UTC 2018
#@# Parcellation Stats 3 rh Sun Jan 14 19:05:37 UTC 2018
#@# WM/GM Contrast lh Sun Jan 14 19:06:35 UTC 2018
#@# WM/GM Contrast rh Sun Jan 14 19:06:44 UTC 2018
#@# Relabel Hypointensities Sun Jan 14 19:06:52 UTC 2018
#@# AParc-to-ASeg aparc Sun Jan 14 19:07:24 UTC 2018
#@# AParc-to-ASeg a2009s Sun Jan 14 19:15:36 UTC 2018
#@# AParc-to-ASeg DKTatlas Sun Jan 14 19:23:34 UTC 2018
#@# APas-to-ASeg Sun Jan 14 19:31:37 UTC 2018
#@# ASeg Stats Sun Jan 14 19:31:48 UTC 2018
#@# WMParc Sun Jan 14 19:35:53 UTC 2018
#@# BA_exvivo Labels lh Sun Jan 14 19:49:30 UTC 2018
#@# BA_exvivo Labels rh Sun Jan 14 19:56:20 UTC 2018
recon-all -s 3952 finished without error at Sun Jan 14 20:03:11 UTC 2018
