status file for recon-all
Sun Dec 31 21:15:53 UTC 2017
#@# MotionCor Sun Dec 31 21:16:00 UTC 2017
#@# Talairach Sun Dec 31 21:16:19 UTC 2017
#@# Talairach Failure Detection Sun Dec 31 21:19:03 UTC 2017
#@# Nu Intensity Correction Sun Dec 31 21:19:03 UTC 2017
#@# Intensity Normalization Sun Dec 31 21:22:25 UTC 2017
#@# Skull Stripping Sun Dec 31 21:26:24 UTC 2017
#@# EM Registration Sun Dec 31 21:59:23 UTC 2017
#@# CA Normalize Sun Dec 31 22:36:36 UTC 2017
#@# CA Reg Sun Dec 31 22:39:23 UTC 2017
#@# SubCort Seg Mon Jan  1 03:56:35 UTC 2018
#@# Merge ASeg Mon Jan  1 05:51:54 UTC 2018
#@# Intensity Normalization2 Mon Jan  1 05:51:54 UTC 2018
#@# Mask BFS Mon Jan  1 05:58:15 UTC 2018
#@# WM Segmentation Mon Jan  1 05:58:19 UTC 2018
#@# Fill Mon Jan  1 06:02:20 UTC 2018
#@# Tessellate lh Mon Jan  1 06:03:52 UTC 2018
#@# Tessellate rh Mon Jan  1 06:04:06 UTC 2018
#@# Smooth1 lh Mon Jan  1 06:04:18 UTC 2018
#@# Smooth1 rh Mon Jan  1 06:04:29 UTC 2018
#@# Inflation1 lh Mon Jan  1 06:04:39 UTC 2018
#@# Inflation1 rh Mon Jan  1 06:05:45 UTC 2018
#@# QSphere lh Mon Jan  1 06:06:49 UTC 2018
#@# QSphere rh Mon Jan  1 06:13:59 UTC 2018
#@# Fix Topology Copy lh Mon Jan  1 06:20:16 UTC 2018
#@# Fix Topology Copy rh Mon Jan  1 06:20:16 UTC 2018
#@# Fix Topology lh Mon Jan  1 06:20:16 UTC 2018
#@# Fix Topology rh Mon Jan  1 07:36:48 UTC 2018
#@# Make White Surf lh Mon Jan  1 09:02:41 UTC 2018
#@# Make White Surf rh Mon Jan  1 09:11:48 UTC 2018
#@# Smooth2 lh Mon Jan  1 09:20:38 UTC 2018
#@# Smooth2 rh Mon Jan  1 09:20:48 UTC 2018
#@# Inflation2 lh Mon Jan  1 09:20:58 UTC 2018
#@# Inflation2 rh Mon Jan  1 09:22:00 UTC 2018
#@# Curv .H and .K lh Mon Jan  1 09:23:01 UTC 2018
#@# Curv .H and .K rh Mon Jan  1 09:25:45 UTC 2018
#@# Curvature Stats lh Mon Jan  1 09:28:27 UTC 2018
#@# Curvature Stats rh Mon Jan  1 09:28:35 UTC 2018
#@# Sphere lh Mon Jan  1 09:28:42 UTC 2018
#@# Sphere rh Mon Jan  1 11:03:40 UTC 2018
#@# Surf Reg lh Mon Jan  1 12:42:51 UTC 2018
#@# Surf Reg rh Mon Jan  1 14:18:59 UTC 2018
#@# Jacobian white lh Mon Jan  1 16:00:52 UTC 2018
#@# Jacobian white rh Mon Jan  1 16:00:55 UTC 2018
#@# AvgCurv lh Mon Jan  1 16:00:58 UTC 2018
#@# AvgCurv rh Mon Jan  1 16:01:01 UTC 2018
#@# Cortical Parc lh Mon Jan  1 16:01:04 UTC 2018
#@# Cortical Parc rh Mon Jan  1 16:01:28 UTC 2018
#@# Make Pial Surf lh Mon Jan  1 16:01:53 UTC 2018
#@# Make Pial Surf rh Mon Jan  1 16:26:50 UTC 2018
#@# Surf Volume lh Mon Jan  1 16:52:18 UTC 2018
#@# Surf Volume rh Mon Jan  1 16:52:24 UTC 2018
#@# Cortical ribbon mask Mon Jan  1 16:52:29 UTC 2018
#@# Parcellation Stats lh Mon Jan  1 17:22:17 UTC 2018
#@# Parcellation Stats rh Mon Jan  1 17:24:41 UTC 2018
#@# Cortical Parc 2 lh Mon Jan  1 17:27:05 UTC 2018
#@# Cortical Parc 2 rh Mon Jan  1 17:27:37 UTC 2018
#@# Parcellation Stats 2 lh Mon Jan  1 17:28:09 UTC 2018
#@# Parcellation Stats 2 rh Mon Jan  1 17:29:23 UTC 2018
#@# Cortical Parc 3 lh Mon Jan  1 17:30:37 UTC 2018
#@# Cortical Parc 3 rh Mon Jan  1 17:31:02 UTC 2018
#@# Parcellation Stats 3 lh Mon Jan  1 17:31:28 UTC 2018
#@# Parcellation Stats 3 rh Mon Jan  1 17:32:41 UTC 2018
#@# WM/GM Contrast lh Mon Jan  1 17:33:53 UTC 2018
#@# WM/GM Contrast rh Mon Jan  1 17:34:04 UTC 2018
#@# Relabel Hypointensities Mon Jan  1 17:34:15 UTC 2018
#@# AParc-to-ASeg aparc Mon Jan  1 17:34:54 UTC 2018
#@# AParc-to-ASeg a2009s Mon Jan  1 17:42:42 UTC 2018
#@# AParc-to-ASeg DKTatlas Mon Jan  1 17:50:32 UTC 2018
#@# APas-to-ASeg Mon Jan  1 17:58:22 UTC 2018
#@# ASeg Stats Mon Jan  1 17:58:33 UTC 2018
#@# WMParc Mon Jan  1 18:04:37 UTC 2018
#@# BA_exvivo Labels lh Mon Jan  1 18:22:02 UTC 2018
#@# BA_exvivo Labels rh Mon Jan  1 18:30:35 UTC 2018
recon-all -s 3169 finished without error at Mon Jan  1 18:39:04 UTC 2018
