status file for recon-all
Tue Jan 16 21:24:13 UTC 2018
#@# MotionCor Tue Jan 16 21:24:19 UTC 2018
#@# Talairach Tue Jan 16 21:24:36 UTC 2018
#@# Talairach Failure Detection Tue Jan 16 21:27:26 UTC 2018
#@# Nu Intensity Correction Tue Jan 16 21:27:26 UTC 2018
#@# Intensity Normalization Tue Jan 16 21:31:25 UTC 2018
#@# Skull Stripping Tue Jan 16 21:35:32 UTC 2018
#@# EM Registration Tue Jan 16 22:09:18 UTC 2018
#@# CA Normalize Tue Jan 16 22:33:53 UTC 2018
#@# CA Reg Tue Jan 16 22:36:45 UTC 2018
#@# SubCort Seg Wed Jan 17 03:28:06 UTC 2018
#@# Merge ASeg Wed Jan 17 05:15:13 UTC 2018
#@# Intensity Normalization2 Wed Jan 17 05:15:13 UTC 2018
#@# Mask BFS Wed Jan 17 05:21:51 UTC 2018
#@# WM Segmentation Wed Jan 17 05:21:55 UTC 2018
#@# Fill Wed Jan 17 05:25:34 UTC 2018
#@# Tessellate lh Wed Jan 17 05:27:04 UTC 2018
#@# Tessellate rh Wed Jan 17 05:27:15 UTC 2018
#@# Smooth1 lh Wed Jan 17 05:27:26 UTC 2018
#@# Smooth1 rh Wed Jan 17 05:27:36 UTC 2018
#@# Inflation1 lh Wed Jan 17 05:27:45 UTC 2018
#@# Inflation1 rh Wed Jan 17 05:28:45 UTC 2018
#@# QSphere lh Wed Jan 17 05:29:45 UTC 2018
#@# QSphere rh Wed Jan 17 05:36:08 UTC 2018
#@# Fix Topology Copy lh Wed Jan 17 05:42:38 UTC 2018
#@# Fix Topology Copy rh Wed Jan 17 05:42:38 UTC 2018
#@# Fix Topology lh Wed Jan 17 05:42:39 UTC 2018
#@# Fix Topology rh Wed Jan 17 07:00:04 UTC 2018
#@# Make White Surf lh Wed Jan 17 08:01:27 UTC 2018
#@# Make White Surf rh Wed Jan 17 08:10:25 UTC 2018
#@# Smooth2 lh Wed Jan 17 08:19:26 UTC 2018
#@# Smooth2 rh Wed Jan 17 08:19:36 UTC 2018
#@# Inflation2 lh Wed Jan 17 08:19:46 UTC 2018
#@# Inflation2 rh Wed Jan 17 08:20:45 UTC 2018
#@# Curv .H and .K lh Wed Jan 17 08:21:44 UTC 2018
#@# Curv .H and .K rh Wed Jan 17 08:24:10 UTC 2018
#@# Curvature Stats lh Wed Jan 17 08:26:32 UTC 2018
#@# Curvature Stats rh Wed Jan 17 08:26:38 UTC 2018
#@# Sphere lh Wed Jan 17 08:26:45 UTC 2018
#@# Sphere rh Wed Jan 17 09:59:46 UTC 2018
#@# Surf Reg lh Wed Jan 17 11:26:12 UTC 2018
#@# Surf Reg rh Wed Jan 17 13:27:31 UTC 2018
#@# Jacobian white lh Wed Jan 17 14:55:52 UTC 2018
#@# Jacobian white rh Wed Jan 17 14:55:56 UTC 2018
#@# AvgCurv lh Wed Jan 17 14:55:59 UTC 2018
#@# AvgCurv rh Wed Jan 17 14:56:02 UTC 2018
#@# Cortical Parc lh Wed Jan 17 14:56:05 UTC 2018
#@# Cortical Parc rh Wed Jan 17 14:56:30 UTC 2018
#@# Make Pial Surf lh Wed Jan 17 14:56:53 UTC 2018
#@# Make Pial Surf rh Wed Jan 17 15:21:35 UTC 2018
#@# Surf Volume lh Wed Jan 17 15:46:18 UTC 2018
#@# Surf Volume rh Wed Jan 17 15:46:24 UTC 2018
#@# Cortical ribbon mask Wed Jan 17 15:46:29 UTC 2018
#@# Parcellation Stats lh Wed Jan 17 16:11:39 UTC 2018
#@# Parcellation Stats rh Wed Jan 17 16:14:02 UTC 2018
#@# Cortical Parc 2 lh Wed Jan 17 16:16:27 UTC 2018
#@# Cortical Parc 2 rh Wed Jan 17 16:16:57 UTC 2018
#@# Parcellation Stats 2 lh Wed Jan 17 16:17:28 UTC 2018
#@# Parcellation Stats 2 rh Wed Jan 17 16:18:41 UTC 2018
#@# Cortical Parc 3 lh Wed Jan 17 16:19:57 UTC 2018
#@# Cortical Parc 3 rh Wed Jan 17 16:20:22 UTC 2018
#@# Parcellation Stats 3 lh Wed Jan 17 16:20:49 UTC 2018
#@# Parcellation Stats 3 rh Wed Jan 17 16:22:02 UTC 2018
#@# WM/GM Contrast lh Wed Jan 17 16:23:13 UTC 2018
#@# WM/GM Contrast rh Wed Jan 17 16:23:25 UTC 2018
#@# Relabel Hypointensities Wed Jan 17 16:23:36 UTC 2018
#@# AParc-to-ASeg aparc Wed Jan 17 16:24:16 UTC 2018
#@# AParc-to-ASeg a2009s Wed Jan 17 16:32:00 UTC 2018
#@# AParc-to-ASeg DKTatlas Wed Jan 17 16:39:40 UTC 2018
#@# APas-to-ASeg Wed Jan 17 16:47:10 UTC 2018
#@# ASeg Stats Wed Jan 17 16:47:21 UTC 2018
#@# WMParc Wed Jan 17 16:52:32 UTC 2018
#@# BA_exvivo Labels lh Wed Jan 17 17:08:21 UTC 2018
#@# BA_exvivo Labels rh Wed Jan 17 17:16:23 UTC 2018
recon-all -s 4135 finished without error at Wed Jan 17 17:24:23 UTC 2018
